[0.082s] Invoking command in '/home/ubuntu/imugy85/build/gy85': CMAKE_PREFIX_PATH=${CMAKE_PREFIX_PATH}:/home/ubuntu/ros2_delivFoxy/install/serial_motor_demo:/home/ubuntu/dev_serial_motor/install/serial_motor_demo:/opt/ros/foxy /usr/bin/cmake /home/ubuntu/imugy85/src/gy85 -DCMAKE_INSTALL_PREFIX=/home/ubuntu/imugy85/install/gy85
[0.159s] -- Found ament_cmake: 0.9.12 (/opt/ros/foxy/share/ament_cmake/cmake)
[0.273s] -- Using PYTHON_EXECUTABLE: /usr/bin/python3
[1.651s] -- Found ament_lint_auto: 0.9.8 (/opt/ros/foxy/share/ament_lint_auto/cmake)
[2.260s] -- Added test 'copyright' to check source files copyright and LICENSE
[2.293s] -- Added test 'flake8' to check Python code syntax and style conventions
[2.299s] -- Added test 'lint_cmake' to check CMake code style
[2.305s] -- Added test 'pep257' to check Python code against some of the style conventions in PEP 257
[2.324s] -- Added test 'xmllint' to check XML markup files
[2.345s] -- Configuring done
[2.357s] -- Generating done
[2.361s] -- Build files have been written to: /home/ubuntu/imugy85/build/gy85
[2.369s] Invoked command in '/home/ubuntu/imugy85/build/gy85' returned '0': CMAKE_PREFIX_PATH=${CMAKE_PREFIX_PATH}:/home/ubuntu/ros2_delivFoxy/install/serial_motor_demo:/home/ubuntu/dev_serial_motor/install/serial_motor_demo:/opt/ros/foxy /usr/bin/cmake /home/ubuntu/imugy85/src/gy85 -DCMAKE_INSTALL_PREFIX=/home/ubuntu/imugy85/install/gy85
[2.381s] Invoking command in '/home/ubuntu/imugy85/build/gy85': CMAKE_PREFIX_PATH=${CMAKE_PREFIX_PATH}:/home/ubuntu/ros2_delivFoxy/install/serial_motor_demo:/home/ubuntu/dev_serial_motor/install/serial_motor_demo:/opt/ros/foxy /usr/bin/cmake --build /home/ubuntu/imugy85/build/gy85 -- -j4 -l4
[2.592s] Invoked command in '/home/ubuntu/imugy85/build/gy85' returned '0': CMAKE_PREFIX_PATH=${CMAKE_PREFIX_PATH}:/home/ubuntu/ros2_delivFoxy/install/serial_motor_demo:/home/ubuntu/dev_serial_motor/install/serial_motor_demo:/opt/ros/foxy /usr/bin/cmake --build /home/ubuntu/imugy85/build/gy85 -- -j4 -l4
[2.793s] Invoking command in '/home/ubuntu/imugy85/build/gy85': CMAKE_PREFIX_PATH=${CMAKE_PREFIX_PATH}:/home/ubuntu/ros2_delivFoxy/install/serial_motor_demo:/home/ubuntu/dev_serial_motor/install/serial_motor_demo:/opt/ros/foxy /usr/bin/cmake --install /home/ubuntu/imugy85/build/gy85
[2.839s] -- Install configuration: ""
[2.840s] -- Installing: /home/ubuntu/imugy85/install/gy85/share/ament_index/resource_index/package_run_dependencies/gy85
[2.841s] -- Installing: /home/ubuntu/imugy85/install/gy85/share/ament_index/resource_index/parent_prefix_path/gy85
[2.843s] -- Installing: /home/ubuntu/imugy85/install/gy85/share/gy85/environment/ament_prefix_path.sh
[2.844s] -- Installing: /home/ubuntu/imugy85/install/gy85/share/gy85/environment/ament_prefix_path.dsv
[2.845s] -- Installing: /home/ubuntu/imugy85/install/gy85/share/gy85/environment/path.sh
[2.846s] -- Installing: /home/ubuntu/imugy85/install/gy85/share/gy85/environment/path.dsv
[2.847s] -- Installing: /home/ubuntu/imugy85/install/gy85/share/gy85/local_setup.bash
[2.848s] -- Installing: /home/ubuntu/imugy85/install/gy85/share/gy85/local_setup.sh
[2.849s] -- Installing: /home/ubuntu/imugy85/install/gy85/share/gy85/local_setup.zsh
[2.850s] -- Installing: /home/ubuntu/imugy85/install/gy85/share/gy85/local_setup.dsv
[2.851s] -- Installing: /home/ubuntu/imugy85/install/gy85/share/gy85/package.dsv
[2.853s] -- Installing: /home/ubuntu/imugy85/install/gy85/share/ament_index/resource_index/packages/gy85
[2.854s] -- Installing: /home/ubuntu/imugy85/install/gy85/share/gy85/cmake/gy85Config.cmake
[2.855s] -- Installing: /home/ubuntu/imugy85/install/gy85/share/gy85/cmake/gy85Config-version.cmake
[2.856s] -- Installing: /home/ubuntu/imugy85/install/gy85/share/gy85/package.xml
[2.864s] Invoked command in '/home/ubuntu/imugy85/build/gy85' returned '0': CMAKE_PREFIX_PATH=${CMAKE_PREFIX_PATH}:/home/ubuntu/ros2_delivFoxy/install/serial_motor_demo:/home/ubuntu/dev_serial_motor/install/serial_motor_demo:/opt/ros/foxy /usr/bin/cmake --install /home/ubuntu/imugy85/build/gy85
