[1.513s] DEBUG:colcon:Command line arguments: ['/usr/bin/colcon', 'build', '--packages-select', 'gy85']
[1.514s] DEBUG:colcon:Parsed command line arguments: Namespace(allow_overriding=[], ament_cmake_args=None, base_paths=['.'], build_base='build', catkin_cmake_args=None, catkin_skip_building_tests=False, cmake_args=None, cmake_clean_cache=False, cmake_clean_first=False, cmake_force_configure=False, cmake_target=None, cmake_target_skip_unavailable=False, continue_on_error=False, event_handlers=None, executor='parallel', ignore_user_meta=False, install_base='install', log_base=None, log_level=None, main=<bound method BuildVerb.main of <colcon_core.verb.build.BuildVerb object at 0xffffa6afd2b0>>, merge_install=False, metas=['./colcon.meta'], packages_above=None, packages_above_and_dependencies=None, packages_above_depth=None, packages_end=None, packages_ignore=None, packages_ignore_regex=None, packages_select=['gy85'], packages_select_build_failed=False, packages_select_by_dep=None, packages_select_regex=None, packages_select_test_failures=False, packages_skip=None, packages_skip_build_finished=False, packages_skip_by_dep=None, packages_skip_regex=None, packages_skip_test_passed=False, packages_skip_up_to=None, packages_start=None, packages_up_to=None, packages_up_to_regex=None, parallel_workers=4, paths=None, symlink_install=False, test_result_base=None, verb_extension=<colcon_core.verb.build.BuildVerb object at 0xffffa6afd2b0>, verb_name='build', verb_parser=<colcon_defaults.argument_parser.defaults.DefaultArgumentsDecorator object at 0xffffa6afd7f0>)
[1.633s] Level 1:colcon.colcon_core.package_discovery:discover_packages(colcon_meta) check parameters
[1.634s] Level 1:colcon.colcon_core.package_discovery:discover_packages(recursive) check parameters
[1.634s] Level 1:colcon.colcon_core.package_discovery:discover_packages(ignore) check parameters
[1.634s] Level 1:colcon.colcon_core.package_discovery:discover_packages(path) check parameters
[1.634s] Level 1:colcon.colcon_core.package_discovery:discover_packages(colcon_meta) discover
[1.635s] Level 1:colcon.colcon_core.package_discovery:discover_packages(recursive) discover
[1.635s] INFO:colcon.colcon_core.package_discovery:Crawling recursively for packages in '/home/ubuntu/imugy85'
[1.636s] Level 1:colcon.colcon_core.package_identification:_identify(.) by extensions ['ignore', 'ignore_ament_install']
[1.636s] Level 1:colcon.colcon_core.package_identification:_identify(.) by extension 'ignore'
[1.636s] Level 1:colcon.colcon_core.package_identification:_identify(.) by extension 'ignore_ament_install'
[1.637s] Level 1:colcon.colcon_core.package_identification:_identify(.) by extensions ['colcon_pkg']
[1.637s] Level 1:colcon.colcon_core.package_identification:_identify(.) by extension 'colcon_pkg'
[1.637s] Level 1:colcon.colcon_core.package_identification:_identify(.) by extensions ['colcon_meta']
[1.637s] Level 1:colcon.colcon_core.package_identification:_identify(.) by extension 'colcon_meta'
[1.637s] Level 1:colcon.colcon_core.package_identification:_identify(.) by extensions ['ros']
[1.637s] Level 1:colcon.colcon_core.package_identification:_identify(.) by extension 'ros'
[1.721s] Level 1:colcon.colcon_core.package_identification:_identify(.) by extensions ['cmake', 'python']
[1.721s] Level 1:colcon.colcon_core.package_identification:_identify(.) by extension 'cmake'
[1.722s] Level 1:colcon.colcon_core.package_identification:_identify(.) by extension 'python'
[1.722s] Level 1:colcon.colcon_core.package_identification:_identify(.) by extensions ['python_setup_py']
[1.722s] Level 1:colcon.colcon_core.package_identification:_identify(.) by extension 'python_setup_py'
[1.723s] Level 1:colcon.colcon_core.package_identification:_identify(build) by extensions ['ignore', 'ignore_ament_install']
[1.723s] Level 1:colcon.colcon_core.package_identification:_identify(build) by extension 'ignore'
[1.723s] Level 1:colcon.colcon_core.package_identification:_identify(build) ignored
[1.724s] Level 1:colcon.colcon_core.package_identification:_identify(install) by extensions ['ignore', 'ignore_ament_install']
[1.724s] Level 1:colcon.colcon_core.package_identification:_identify(install) by extension 'ignore'
[1.725s] Level 1:colcon.colcon_core.package_identification:_identify(install) ignored
[1.725s] Level 1:colcon.colcon_core.package_identification:_identify(log) by extensions ['ignore', 'ignore_ament_install']
[1.726s] Level 1:colcon.colcon_core.package_identification:_identify(log) by extension 'ignore'
[1.726s] Level 1:colcon.colcon_core.package_identification:_identify(log) ignored
[1.726s] Level 1:colcon.colcon_core.package_identification:_identify(src) by extensions ['ignore', 'ignore_ament_install']
[1.726s] Level 1:colcon.colcon_core.package_identification:_identify(src) by extension 'ignore'
[1.727s] Level 1:colcon.colcon_core.package_identification:_identify(src) by extension 'ignore_ament_install'
[1.727s] Level 1:colcon.colcon_core.package_identification:_identify(src) by extensions ['colcon_pkg']
[1.727s] Level 1:colcon.colcon_core.package_identification:_identify(src) by extension 'colcon_pkg'
[1.727s] Level 1:colcon.colcon_core.package_identification:_identify(src) by extensions ['colcon_meta']
[1.728s] Level 1:colcon.colcon_core.package_identification:_identify(src) by extension 'colcon_meta'
[1.728s] Level 1:colcon.colcon_core.package_identification:_identify(src) by extensions ['ros']
[1.728s] Level 1:colcon.colcon_core.package_identification:_identify(src) by extension 'ros'
[1.728s] Level 1:colcon.colcon_core.package_identification:_identify(src) by extensions ['cmake', 'python']
[1.728s] Level 1:colcon.colcon_core.package_identification:_identify(src) by extension 'cmake'
[1.729s] Level 1:colcon.colcon_core.package_identification:_identify(src) by extension 'python'
[1.729s] Level 1:colcon.colcon_core.package_identification:_identify(src) by extensions ['python_setup_py']
[1.729s] Level 1:colcon.colcon_core.package_identification:_identify(src) by extension 'python_setup_py'
[1.729s] Level 1:colcon.colcon_core.package_identification:_identify(src/gy85) by extensions ['ignore', 'ignore_ament_install']
[1.730s] Level 1:colcon.colcon_core.package_identification:_identify(src/gy85) by extension 'ignore'
[1.730s] Level 1:colcon.colcon_core.package_identification:_identify(src/gy85) by extension 'ignore_ament_install'
[1.730s] Level 1:colcon.colcon_core.package_identification:_identify(src/gy85) by extensions ['colcon_pkg']
[1.730s] Level 1:colcon.colcon_core.package_identification:_identify(src/gy85) by extension 'colcon_pkg'
[1.731s] Level 1:colcon.colcon_core.package_identification:_identify(src/gy85) by extensions ['colcon_meta']
[1.731s] Level 1:colcon.colcon_core.package_identification:_identify(src/gy85) by extension 'colcon_meta'
[1.731s] Level 1:colcon.colcon_core.package_identification:_identify(src/gy85) by extensions ['ros']
[1.731s] Level 1:colcon.colcon_core.package_identification:_identify(src/gy85) by extension 'ros'
[1.740s] DEBUG:colcon.colcon_core.package_identification:Package 'src/gy85' with type 'ros.ament_cmake' and name 'gy85'
[1.741s] Level 1:colcon.colcon_core.package_discovery:discover_packages(recursive) using defaults
[1.741s] Level 1:colcon.colcon_core.package_discovery:discover_packages(ignore) discover
[1.741s] Level 1:colcon.colcon_core.package_discovery:discover_packages(ignore) using defaults
[1.741s] Level 1:colcon.colcon_core.package_discovery:discover_packages(path) discover
[1.741s] Level 1:colcon.colcon_core.package_discovery:discover_packages(path) using defaults
[1.832s] Level 1:colcon.colcon_core.package_discovery:discover_packages(prefix_path) check parameters
[1.833s] Level 1:colcon.colcon_core.package_discovery:discover_packages(prefix_path) discover
[1.849s] DEBUG:colcon.colcon_installed_package_information.package_discovery:Found 1 installed packages in /home/ubuntu/imugy85/install
[1.855s] DEBUG:colcon.colcon_installed_package_information.package_discovery:Found 9 installed packages in /home/ubuntu/ros2_delivFoxy/install
[1.861s] DEBUG:colcon.colcon_installed_package_information.package_discovery:Found 2 installed packages in /home/ubuntu/dev_serial_motor/install
[1.874s] DEBUG:colcon.colcon_installed_package_information.package_discovery:Found 286 installed packages in /opt/ros/foxy
[1.883s] Level 1:colcon.colcon_core.package_discovery:discover_packages(prefix_path) using defaults
[2.229s] Level 5:colcon.colcon_core.verb:set package 'gy85' build argument 'cmake_args' from command line to 'None'
[2.229s] Level 5:colcon.colcon_core.verb:set package 'gy85' build argument 'cmake_target' from command line to 'None'
[2.230s] Level 5:colcon.colcon_core.verb:set package 'gy85' build argument 'cmake_target_skip_unavailable' from command line to 'False'
[2.230s] Level 5:colcon.colcon_core.verb:set package 'gy85' build argument 'cmake_clean_cache' from command line to 'False'
[2.230s] Level 5:colcon.colcon_core.verb:set package 'gy85' build argument 'cmake_clean_first' from command line to 'False'
[2.230s] Level 5:colcon.colcon_core.verb:set package 'gy85' build argument 'cmake_force_configure' from command line to 'False'
[2.230s] Level 5:colcon.colcon_core.verb:set package 'gy85' build argument 'ament_cmake_args' from command line to 'None'
[2.230s] Level 5:colcon.colcon_core.verb:set package 'gy85' build argument 'catkin_cmake_args' from command line to 'None'
[2.230s] Level 5:colcon.colcon_core.verb:set package 'gy85' build argument 'catkin_skip_building_tests' from command line to 'False'
[2.231s] DEBUG:colcon.colcon_core.verb:Building package 'gy85' with the following arguments: {'ament_cmake_args': None, 'build_base': '/home/ubuntu/imugy85/build/gy85', 'catkin_cmake_args': None, 'catkin_skip_building_tests': False, 'cmake_args': None, 'cmake_clean_cache': False, 'cmake_clean_first': False, 'cmake_force_configure': False, 'cmake_target': None, 'cmake_target_skip_unavailable': False, 'install_base': '/home/ubuntu/imugy85/install/gy85', 'merge_install': False, 'path': '/home/ubuntu/imugy85/src/gy85', 'symlink_install': False, 'test_result_base': None}
[2.234s] INFO:colcon.colcon_core.executor:Executing jobs using 'parallel' executor
[2.249s] DEBUG:colcon.colcon_parallel_executor.executor.parallel:run_until_complete
[2.251s] INFO:colcon.colcon_ros.task.ament_cmake.build:Building ROS package in '/home/ubuntu/imugy85/src/gy85' with build type 'ament_cmake'
[2.251s] INFO:colcon.colcon_cmake.task.cmake.build:Building CMake package in '/home/ubuntu/imugy85/src/gy85'
[2.274s] INFO:colcon.colcon_core.plugin_system:Skipping extension 'colcon_core.shell.bat': Not used on non-Windows systems
[2.275s] INFO:colcon.colcon_core.shell:Skip shell extension 'powershell' for command environment: Not usable outside of PowerShell
[2.275s] DEBUG:colcon.colcon_core.shell:Skip shell extension 'dsv' for command environment
[2.346s] DEBUG:colcon.colcon_core.event_handler.log_command:Invoking command in '/home/ubuntu/imugy85/build/gy85': CMAKE_PREFIX_PATH=${CMAKE_PREFIX_PATH}:/home/ubuntu/ros2_delivFoxy/install/serial_motor_demo:/home/ubuntu/dev_serial_motor/install/serial_motor_demo:/opt/ros/foxy /usr/bin/cmake --build /home/ubuntu/imugy85/build/gy85 -- -j4 -l4
[2.558s] DEBUG:colcon.colcon_core.event_handler.log_command:Invoked command in '/home/ubuntu/imugy85/build/gy85' returned '0': CMAKE_PREFIX_PATH=${CMAKE_PREFIX_PATH}:/home/ubuntu/ros2_delivFoxy/install/serial_motor_demo:/home/ubuntu/dev_serial_motor/install/serial_motor_demo:/opt/ros/foxy /usr/bin/cmake --build /home/ubuntu/imugy85/build/gy85 -- -j4 -l4
[2.763s] DEBUG:colcon.colcon_core.event_handler.log_command:Invoking command in '/home/ubuntu/imugy85/build/gy85': CMAKE_PREFIX_PATH=${CMAKE_PREFIX_PATH}:/home/ubuntu/ros2_delivFoxy/install/serial_motor_demo:/home/ubuntu/dev_serial_motor/install/serial_motor_demo:/opt/ros/foxy /usr/bin/cmake --install /home/ubuntu/imugy85/build/gy85
[2.817s] Level 1:colcon.colcon_core.environment:create_environment_scripts_only(gy85)
[2.820s] DEBUG:colcon.colcon_core.event_handler.log_command:Invoked command in '/home/ubuntu/imugy85/build/gy85' returned '0': CMAKE_PREFIX_PATH=${CMAKE_PREFIX_PATH}:/home/ubuntu/ros2_delivFoxy/install/serial_motor_demo:/home/ubuntu/dev_serial_motor/install/serial_motor_demo:/opt/ros/foxy /usr/bin/cmake --install /home/ubuntu/imugy85/build/gy85
[2.843s] Level 1:colcon.colcon_core.environment:checking '/home/ubuntu/imugy85/install/gy85' for CMake module files
[2.846s] Level 1:colcon.colcon_core.environment:checking '/home/ubuntu/imugy85/install/gy85' for CMake config files
[2.847s] Level 1:colcon.colcon_core.shell:create_environment_hook('gy85', 'cmake_prefix_path')
[2.854s] INFO:colcon.colcon_core.shell:Creating environment hook '/home/ubuntu/imugy85/install/gy85/share/gy85/hook/cmake_prefix_path.ps1'
[2.857s] INFO:colcon.colcon_core.shell:Creating environment descriptor '/home/ubuntu/imugy85/install/gy85/share/gy85/hook/cmake_prefix_path.dsv'
[2.860s] INFO:colcon.colcon_core.shell:Creating environment hook '/home/ubuntu/imugy85/install/gy85/share/gy85/hook/cmake_prefix_path.sh'
[2.864s] Level 1:colcon.colcon_core.environment:checking '/home/ubuntu/imugy85/install/gy85/bin'
[2.865s] Level 1:colcon.colcon_core.environment:checking '/home/ubuntu/imugy85/install/gy85/lib/pkgconfig/gy85.pc'
[2.866s] Level 1:colcon.colcon_core.environment:checking '/home/ubuntu/imugy85/install/gy85/lib/python3.8/site-packages'
[2.866s] Level 1:colcon.colcon_core.environment:checking '/home/ubuntu/imugy85/install/gy85/bin'
[2.874s] INFO:colcon.colcon_core.shell:Creating package script '/home/ubuntu/imugy85/install/gy85/share/gy85/package.ps1'
[2.878s] INFO:colcon.colcon_core.shell:Creating package descriptor '/home/ubuntu/imugy85/install/gy85/share/gy85/package.dsv'
[2.880s] INFO:colcon.colcon_core.shell:Creating package script '/home/ubuntu/imugy85/install/gy85/share/gy85/package.sh'
[2.884s] INFO:colcon.colcon_core.shell:Creating package script '/home/ubuntu/imugy85/install/gy85/share/gy85/package.bash'
[2.887s] INFO:colcon.colcon_core.shell:Creating package script '/home/ubuntu/imugy85/install/gy85/share/gy85/package.zsh'
[2.890s] Level 1:colcon.colcon_core.environment:create_file_with_runtime_dependencies(/home/ubuntu/imugy85/install/gy85/share/colcon-core/packages/gy85)
[3.042s] Level 1:colcon.colcon_core.environment:create_environment_scripts_only(gy85)
[3.052s] Level 1:colcon.colcon_core.environment:checking '/home/ubuntu/imugy85/install/gy85' for CMake module files
[3.055s] Level 1:colcon.colcon_core.environment:checking '/home/ubuntu/imugy85/install/gy85' for CMake config files
[3.056s] Level 1:colcon.colcon_core.shell:create_environment_hook('gy85', 'cmake_prefix_path')
[3.063s] INFO:colcon.colcon_core.shell:Creating environment hook '/home/ubuntu/imugy85/install/gy85/share/gy85/hook/cmake_prefix_path.ps1'
[3.065s] INFO:colcon.colcon_core.shell:Creating environment descriptor '/home/ubuntu/imugy85/install/gy85/share/gy85/hook/cmake_prefix_path.dsv'
[3.067s] INFO:colcon.colcon_core.shell:Creating environment hook '/home/ubuntu/imugy85/install/gy85/share/gy85/hook/cmake_prefix_path.sh'
[3.070s] Level 1:colcon.colcon_core.environment:checking '/home/ubuntu/imugy85/install/gy85/bin'
[3.071s] Level 1:colcon.colcon_core.environment:checking '/home/ubuntu/imugy85/install/gy85/lib/pkgconfig/gy85.pc'
[3.072s] Level 1:colcon.colcon_core.environment:checking '/home/ubuntu/imugy85/install/gy85/lib/python3.8/site-packages'
[3.072s] Level 1:colcon.colcon_core.environment:checking '/home/ubuntu/imugy85/install/gy85/bin'
[3.079s] INFO:colcon.colcon_core.shell:Creating package script '/home/ubuntu/imugy85/install/gy85/share/gy85/package.ps1'
[3.081s] INFO:colcon.colcon_core.shell:Creating package descriptor '/home/ubuntu/imugy85/install/gy85/share/gy85/package.dsv'
[3.084s] INFO:colcon.colcon_core.shell:Creating package script '/home/ubuntu/imugy85/install/gy85/share/gy85/package.sh'
[3.086s] INFO:colcon.colcon_core.shell:Creating package script '/home/ubuntu/imugy85/install/gy85/share/gy85/package.bash'
[3.088s] INFO:colcon.colcon_core.shell:Creating package script '/home/ubuntu/imugy85/install/gy85/share/gy85/package.zsh'
[3.090s] Level 1:colcon.colcon_core.environment:create_file_with_runtime_dependencies(/home/ubuntu/imugy85/install/gy85/share/colcon-core/packages/gy85)
[3.091s] DEBUG:colcon.colcon_parallel_executor.executor.parallel:closing loop
[3.092s] DEBUG:colcon.colcon_parallel_executor.executor.parallel:loop closed
[3.093s] DEBUG:colcon.colcon_parallel_executor.executor.parallel:run_until_complete finished with '0'
[3.093s] DEBUG:colcon.colcon_core.event_reactor:joining thread
[3.119s] INFO:colcon.colcon_core.plugin_system:Skipping extension 'colcon_notification.desktop_notification.terminal_notifier': Not used on non-Darwin systems
[3.119s] INFO:colcon.colcon_core.plugin_system:Skipping extension 'colcon_notification.desktop_notification.win32': Not used on non-Windows systems
[3.119s] INFO:colcon.colcon_notification.desktop_notification:Sending desktop notification using 'notify2'
[3.164s] DEBUG:colcon.colcon_core.event_reactor:joined thread
[3.172s] INFO:colcon.colcon_core.shell:Creating prefix script '/home/ubuntu/imugy85/install/local_setup.ps1'
[3.178s] INFO:colcon.colcon_core.shell:Creating prefix util module '/home/ubuntu/imugy85/install/_local_setup_util_ps1.py'
[3.184s] INFO:colcon.colcon_core.shell:Creating prefix chain script '/home/ubuntu/imugy85/install/setup.ps1'
[3.194s] INFO:colcon.colcon_core.shell:Creating prefix script '/home/ubuntu/imugy85/install/local_setup.sh'
[3.197s] INFO:colcon.colcon_core.shell:Creating prefix util module '/home/ubuntu/imugy85/install/_local_setup_util_sh.py'
[3.200s] INFO:colcon.colcon_core.shell:Creating prefix chain script '/home/ubuntu/imugy85/install/setup.sh'
[3.209s] INFO:colcon.colcon_core.shell:Creating prefix script '/home/ubuntu/imugy85/install/local_setup.bash'
[3.212s] INFO:colcon.colcon_core.shell:Creating prefix chain script '/home/ubuntu/imugy85/install/setup.bash'
[3.221s] INFO:colcon.colcon_core.shell:Creating prefix script '/home/ubuntu/imugy85/install/local_setup.zsh'
[3.224s] INFO:colcon.colcon_core.shell:Creating prefix chain script '/home/ubuntu/imugy85/install/setup.zsh'
