[0.097s] Invoking command in '/home/ubuntu/imugy85/build/gy85': /usr/bin/cmake /home/ubuntu/imugy85/src/gy85 -DCMAKE_INSTALL_PREFIX=/home/ubuntu/imugy85/install/gy85
[1.052s] -- The C compiler identification is GNU 9.4.0
[1.859s] -- The CXX compiler identification is GNU 9.4.0
[1.895s] -- Check for working C compiler: /usr/bin/cc
[2.279s] -- Check for working C compiler: /usr/bin/cc -- works
[2.288s] -- Detecting C compiler ABI info
[2.659s] -- Detecting C compiler ABI info - done
[2.704s] -- Detecting C compile features
[2.706s] -- Detecting C compile features - done
[2.720s] -- Check for working CXX compiler: /usr/bin/c++
[3.120s] -- Check for working CXX compiler: /usr/bin/c++ -- works
[3.125s] -- Detecting CXX compiler ABI info
[3.526s] -- Detecting CXX compiler ABI info - done
[3.571s] -- Detecting CXX compile features
[3.573s] -- Detecting CXX compile features - done
[3.618s] -- Found ament_cmake: 0.9.12 (/opt/ros/foxy/share/ament_cmake/cmake)
[3.803s] -- Found PythonInterp: /usr/bin/python3 (found suitable version "3.8.10", minimum required is "3") 
[3.803s] -- Using PYTHON_EXECUTABLE: /usr/bin/python3
[4.706s] Traceback (most recent call last):
[4.708s]   File "/opt/ros/foxy/share/ament_cmake_core/cmake/package_templates/templates_2_cmake.py", line 21, in <module>
[4.709s]     from ament_package.templates import get_environment_hook_template_path
[4.710s] ModuleNotFoundError: No module named 'ament_package'
[4.809s] CMake Error at /opt/ros/foxy/share/ament_cmake_core/cmake/ament_cmake_package_templates-extras.cmake:41 (message):
[4.809s]   execute_process(/usr/bin/python3
[4.809s]   /opt/ros/foxy/share/ament_cmake_core/cmake/package_templates/templates_2_cmake.py
[4.810s]   /home/ubuntu/imugy85/build/gy85/ament_cmake_package_templates/templates.cmake)
[4.810s]   returned error code 1
[4.810s] Call Stack (most recent call first):
[4.811s]   /opt/ros/foxy/share/ament_cmake_core/cmake/ament_cmake_coreConfig.cmake:41 (include)
[4.811s]   /opt/ros/foxy/share/ament_cmake/cmake/ament_cmake_export_dependencies-extras.cmake:15 (find_package)
[4.811s]   /opt/ros/foxy/share/ament_cmake/cmake/ament_cmakeConfig.cmake:41 (include)
[4.812s]   CMakeLists.txt:19 (find_package)
[4.812s] 
[4.812s] 
[4.813s] -- Configuring incomplete, errors occurred!
[4.814s] See also "/home/ubuntu/imugy85/build/gy85/CMakeFiles/CMakeOutput.log".
[4.826s] Invoked command in '/home/ubuntu/imugy85/build/gy85' returned '1': /usr/bin/cmake /home/ubuntu/imugy85/src/gy85 -DCMAKE_INSTALL_PREFIX=/home/ubuntu/imugy85/install/gy85
