[0.093s] Invoking command in '/home/ubuntu/IMU_GY-85/build/gy85': CMAKE_PREFIX_PATH=${CMAKE_PREFIX_PATH}:/home/ubuntu/ros2_delivFoxy/install/serial_motor_demo:/home/ubuntu/dev_serial_motor/install/serial_motor_demo:/opt/ros/foxy /usr/bin/cmake --build /home/ubuntu/IMU_GY-85/build/gy85 -- -j4 -l4
[0.307s] Invoked command in '/home/ubuntu/IMU_GY-85/build/gy85' returned '0': CMAKE_PREFIX_PATH=${CMAKE_PREFIX_PATH}:/home/ubuntu/ros2_delivFoxy/install/serial_motor_demo:/home/ubuntu/dev_serial_motor/install/serial_motor_demo:/opt/ros/foxy /usr/bin/cmake --build /home/ubuntu/IMU_GY-85/build/gy85 -- -j4 -l4
[0.509s] Invoking command in '/home/ubuntu/IMU_GY-85/build/gy85': CMAKE_PREFIX_PATH=${CMAKE_PREFIX_PATH}:/home/ubuntu/ros2_delivFoxy/install/serial_motor_demo:/home/ubuntu/dev_serial_motor/install/serial_motor_demo:/opt/ros/foxy /usr/bin/cmake --install /home/ubuntu/IMU_GY-85/build/gy85
[0.552s] -- Install configuration: ""
[0.554s] -- Execute custom install script
[0.556s] -- Up-to-date symlink: /home/ubuntu/IMU_GY-85/install/gy85/share/ament_index/resource_index/package_run_dependencies/gy85
[0.557s] -- Up-to-date symlink: /home/ubuntu/IMU_GY-85/install/gy85/share/ament_index/resource_index/parent_prefix_path/gy85
[0.559s] -- Up-to-date symlink: /home/ubuntu/IMU_GY-85/install/gy85/share/gy85/environment/ament_prefix_path.sh
[0.561s] -- Up-to-date symlink: /home/ubuntu/IMU_GY-85/install/gy85/share/gy85/environment/ament_prefix_path.dsv
[0.562s] -- Up-to-date symlink: /home/ubuntu/IMU_GY-85/install/gy85/share/gy85/environment/path.sh
[0.563s] -- Up-to-date symlink: /home/ubuntu/IMU_GY-85/install/gy85/share/gy85/environment/path.dsv
[0.565s] -- Up-to-date symlink: /home/ubuntu/IMU_GY-85/install/gy85/share/gy85/local_setup.bash
[0.566s] -- Up-to-date symlink: /home/ubuntu/IMU_GY-85/install/gy85/share/gy85/local_setup.sh
[0.568s] -- Up-to-date symlink: /home/ubuntu/IMU_GY-85/install/gy85/share/gy85/local_setup.zsh
[0.569s] -- Up-to-date symlink: /home/ubuntu/IMU_GY-85/install/gy85/share/gy85/local_setup.dsv
[0.570s] -- Symlinking: /home/ubuntu/IMU_GY-85/install/gy85/share/gy85/package.dsv
[0.619s] -- Up-to-date symlink: /home/ubuntu/IMU_GY-85/install/gy85/share/ament_index/resource_index/packages/gy85
[0.620s] -- Up-to-date symlink: /home/ubuntu/IMU_GY-85/install/gy85/share/gy85/cmake/gy85Config.cmake
[0.622s] -- Up-to-date symlink: /home/ubuntu/IMU_GY-85/install/gy85/share/gy85/cmake/gy85Config-version.cmake
[0.624s] -- Up-to-date symlink: /home/ubuntu/IMU_GY-85/install/gy85/share/gy85/package.xml
[0.633s] Invoked command in '/home/ubuntu/IMU_GY-85/build/gy85' returned '0': CMAKE_PREFIX_PATH=${CMAKE_PREFIX_PATH}:/home/ubuntu/ros2_delivFoxy/install/serial_motor_demo:/home/ubuntu/dev_serial_motor/install/serial_motor_demo:/opt/ros/foxy /usr/bin/cmake --install /home/ubuntu/IMU_GY-85/build/gy85
