[0.091s] Invoking command in '/home/ubuntu/IMU_GY-85/build/gy85': CMAKE_PREFIX_PATH=${CMAKE_PREFIX_PATH}:/home/ubuntu/ros2_delivFoxy/install/serial_motor_demo:/home/ubuntu/dev_serial_motor/install/serial_motor_demo:/opt/ros/foxy /usr/bin/cmake --build /home/ubuntu/IMU_GY-85/build/gy85 -- -j4 -l4
[0.225s] -- Found ament_cmake: 0.9.12 (/opt/ros/foxy/share/ament_cmake/cmake)
[0.373s] -- Using PYTHON_EXECUTABLE: /usr/bin/python3
[1.291s] -- Override CMake install command with custom implementation using symlinks instead of copying resources
[1.325s] -- Found ament_lint_auto: 0.9.8 (/opt/ros/foxy/share/ament_lint_auto/cmake)
[1.660s] -- Added test 'copyright' to check source files copyright and LICENSE
[1.683s] -- Added test 'flake8' to check Python code syntax and style conventions
[1.687s] -- Added test 'lint_cmake' to check CMake code style
[1.689s] -- Added test 'pep257' to check Python code against some of the style conventions in PEP 257
[1.702s] -- Added test 'xmllint' to check XML markup files
[1.713s] -- Configuring done
[1.725s] -- Generating done
[1.730s] -- Build files have been written to: /home/ubuntu/IMU_GY-85/build/gy85
[1.831s] Invoked command in '/home/ubuntu/IMU_GY-85/build/gy85' returned '0': CMAKE_PREFIX_PATH=${CMAKE_PREFIX_PATH}:/home/ubuntu/ros2_delivFoxy/install/serial_motor_demo:/home/ubuntu/dev_serial_motor/install/serial_motor_demo:/opt/ros/foxy /usr/bin/cmake --build /home/ubuntu/IMU_GY-85/build/gy85 -- -j4 -l4
[2.031s] Invoking command in '/home/ubuntu/IMU_GY-85/build/gy85': CMAKE_PREFIX_PATH=${CMAKE_PREFIX_PATH}:/home/ubuntu/ros2_delivFoxy/install/serial_motor_demo:/home/ubuntu/dev_serial_motor/install/serial_motor_demo:/opt/ros/foxy /usr/bin/cmake --install /home/ubuntu/IMU_GY-85/build/gy85
[2.075s] -- Install configuration: ""
[2.077s] -- Execute custom install script
[2.079s] -- Up-to-date symlink: /home/ubuntu/IMU_GY-85/install/gy85/share/ament_index/resource_index/package_run_dependencies/gy85
[2.080s] -- Up-to-date symlink: /home/ubuntu/IMU_GY-85/install/gy85/share/ament_index/resource_index/parent_prefix_path/gy85
[2.082s] -- Up-to-date symlink: /home/ubuntu/IMU_GY-85/install/gy85/share/gy85/environment/ament_prefix_path.sh
[2.083s] -- Up-to-date symlink: /home/ubuntu/IMU_GY-85/install/gy85/share/gy85/environment/ament_prefix_path.dsv
[2.085s] -- Up-to-date symlink: /home/ubuntu/IMU_GY-85/install/gy85/share/gy85/environment/path.sh
[2.086s] -- Up-to-date symlink: /home/ubuntu/IMU_GY-85/install/gy85/share/gy85/environment/path.dsv
[2.088s] -- Up-to-date symlink: /home/ubuntu/IMU_GY-85/install/gy85/share/gy85/local_setup.bash
[2.089s] -- Up-to-date symlink: /home/ubuntu/IMU_GY-85/install/gy85/share/gy85/local_setup.sh
[2.090s] -- Up-to-date symlink: /home/ubuntu/IMU_GY-85/install/gy85/share/gy85/local_setup.zsh
[2.092s] -- Up-to-date symlink: /home/ubuntu/IMU_GY-85/install/gy85/share/gy85/local_setup.dsv
[2.093s] -- Symlinking: /home/ubuntu/IMU_GY-85/install/gy85/share/gy85/package.dsv
[2.140s] -- Up-to-date symlink: /home/ubuntu/IMU_GY-85/install/gy85/share/ament_index/resource_index/packages/gy85
[2.141s] -- Up-to-date symlink: /home/ubuntu/IMU_GY-85/install/gy85/share/gy85/cmake/gy85Config.cmake
[2.142s] -- Up-to-date symlink: /home/ubuntu/IMU_GY-85/install/gy85/share/gy85/cmake/gy85Config-version.cmake
[2.144s] -- Up-to-date symlink: /home/ubuntu/IMU_GY-85/install/gy85/share/gy85/package.xml
[2.153s] Invoked command in '/home/ubuntu/IMU_GY-85/build/gy85' returned '0': CMAKE_PREFIX_PATH=${CMAKE_PREFIX_PATH}:/home/ubuntu/ros2_delivFoxy/install/serial_motor_demo:/home/ubuntu/dev_serial_motor/install/serial_motor_demo:/opt/ros/foxy /usr/bin/cmake --install /home/ubuntu/IMU_GY-85/build/gy85
