[0.083s] Invoking command in '/home/ubuntu/IMU_GY-85/build/gy85': CMAKE_PREFIX_PATH=${CMAKE_PREFIX_PATH}:/home/ubuntu/ros2_delivFoxy/install/serial_motor_demo:/home/ubuntu/dev_serial_motor/install/serial_motor_demo:/opt/ros/foxy /usr/bin/cmake /home/ubuntu/IMU_GY-85/src/gy85 -DCMAKE_INSTALL_PREFIX=/home/ubuntu/IMU_GY-85/install/gy85
[0.159s] -- Found ament_cmake: 0.9.12 (/opt/ros/foxy/share/ament_cmake/cmake)
[0.274s] -- Using PYTHON_EXECUTABLE: /usr/bin/python3
[1.578s] -- Found ament_lint_auto: 0.9.8 (/opt/ros/foxy/share/ament_lint_auto/cmake)
[2.123s] -- Added test 'copyright' to check source files copyright and LICENSE
[2.146s] -- Added test 'flake8' to check Python code syntax and style conventions
[2.152s] -- Added test 'lint_cmake' to check CMake code style
[2.156s] -- Added test 'pep257' to check Python code against some of the style conventions in PEP 257
[2.203s] -- Added test 'xmllint' to check XML markup files
[2.226s] -- Configuring done
[2.239s] -- Generating done
[2.264s] -- Build files have been written to: /home/ubuntu/IMU_GY-85/build/gy85
[2.277s] Invoked command in '/home/ubuntu/IMU_GY-85/build/gy85' returned '0': CMAKE_PREFIX_PATH=${CMAKE_PREFIX_PATH}:/home/ubuntu/ros2_delivFoxy/install/serial_motor_demo:/home/ubuntu/dev_serial_motor/install/serial_motor_demo:/opt/ros/foxy /usr/bin/cmake /home/ubuntu/IMU_GY-85/src/gy85 -DCMAKE_INSTALL_PREFIX=/home/ubuntu/IMU_GY-85/install/gy85
[2.289s] Invoking command in '/home/ubuntu/IMU_GY-85/build/gy85': CMAKE_PREFIX_PATH=${CMAKE_PREFIX_PATH}:/home/ubuntu/ros2_delivFoxy/install/serial_motor_demo:/home/ubuntu/dev_serial_motor/install/serial_motor_demo:/opt/ros/foxy /usr/bin/cmake --build /home/ubuntu/IMU_GY-85/build/gy85 -- -j4 -l4
[2.497s] Invoked command in '/home/ubuntu/IMU_GY-85/build/gy85' returned '0': CMAKE_PREFIX_PATH=${CMAKE_PREFIX_PATH}:/home/ubuntu/ros2_delivFoxy/install/serial_motor_demo:/home/ubuntu/dev_serial_motor/install/serial_motor_demo:/opt/ros/foxy /usr/bin/cmake --build /home/ubuntu/IMU_GY-85/build/gy85 -- -j4 -l4
[2.716s] Invoking command in '/home/ubuntu/IMU_GY-85/build/gy85': CMAKE_PREFIX_PATH=${CMAKE_PREFIX_PATH}:/home/ubuntu/ros2_delivFoxy/install/serial_motor_demo:/home/ubuntu/dev_serial_motor/install/serial_motor_demo:/opt/ros/foxy /usr/bin/cmake --install /home/ubuntu/IMU_GY-85/build/gy85
[2.760s] -- Install configuration: ""
[2.760s] -- Installing: /home/ubuntu/IMU_GY-85/install/gy85/share/ament_index/resource_index/package_run_dependencies/gy85
[2.762s] -- Installing: /home/ubuntu/IMU_GY-85/install/gy85/share/ament_index/resource_index/parent_prefix_path/gy85
[2.764s] -- Installing: /home/ubuntu/IMU_GY-85/install/gy85/share/gy85/environment/ament_prefix_path.sh
[2.765s] -- Installing: /home/ubuntu/IMU_GY-85/install/gy85/share/gy85/environment/ament_prefix_path.dsv
[2.766s] -- Installing: /home/ubuntu/IMU_GY-85/install/gy85/share/gy85/environment/path.sh
[2.767s] -- Installing: /home/ubuntu/IMU_GY-85/install/gy85/share/gy85/environment/path.dsv
[2.768s] -- Installing: /home/ubuntu/IMU_GY-85/install/gy85/share/gy85/local_setup.bash
[2.769s] -- Installing: /home/ubuntu/IMU_GY-85/install/gy85/share/gy85/local_setup.sh
[2.770s] -- Installing: /home/ubuntu/IMU_GY-85/install/gy85/share/gy85/local_setup.zsh
[2.771s] -- Installing: /home/ubuntu/IMU_GY-85/install/gy85/share/gy85/local_setup.dsv
[2.772s] -- Installing: /home/ubuntu/IMU_GY-85/install/gy85/share/gy85/package.dsv
[2.773s] -- Installing: /home/ubuntu/IMU_GY-85/install/gy85/share/ament_index/resource_index/packages/gy85
[2.775s] -- Installing: /home/ubuntu/IMU_GY-85/install/gy85/share/gy85/cmake/gy85Config.cmake
[2.776s] -- Installing: /home/ubuntu/IMU_GY-85/install/gy85/share/gy85/cmake/gy85Config-version.cmake
[2.777s] -- Installing: /home/ubuntu/IMU_GY-85/install/gy85/share/gy85/package.xml
[2.785s] Invoked command in '/home/ubuntu/IMU_GY-85/build/gy85' returned '0': CMAKE_PREFIX_PATH=${CMAKE_PREFIX_PATH}:/home/ubuntu/ros2_delivFoxy/install/serial_motor_demo:/home/ubuntu/dev_serial_motor/install/serial_motor_demo:/opt/ros/foxy /usr/bin/cmake --install /home/ubuntu/IMU_GY-85/build/gy85
