[0.083s] Invoking command in '/home/ubuntu/imugy85/build/gy85': CMAKE_PREFIX_PATH=${CMAKE_PREFIX_PATH}:/home/ubuntu/ros2_delivFoxy/install/serial_motor_demo:/home/ubuntu/dev_serial_motor/install/serial_motor_demo:/opt/ros/foxy /usr/bin/cmake /home/ubuntu/imugy85/src/gy85 -DCMAKE_INSTALL_PREFIX=/home/ubuntu/imugy85/install/gy85
[0.162s] -- Found ament_cmake: 0.9.12 (/opt/ros/foxy/share/ament_cmake/cmake)
[0.270s] -- Using PYTHON_EXECUTABLE: /usr/bin/python3
[0.924s] Traceback (most recent call last):
[0.926s]   File "/opt/ros/foxy/share/ament_cmake_core/cmake/package_templates/templates_2_cmake.py", line 21, in <module>
[0.927s]     from ament_package.templates import get_environment_hook_template_path
[0.929s] ModuleNotFoundError: No module named 'ament_package'
[1.028s] CMake Error at /opt/ros/foxy/share/ament_cmake_core/cmake/ament_cmake_package_templates-extras.cmake:41 (message):
[1.028s]   execute_process(/usr/bin/python3
[1.029s]   /opt/ros/foxy/share/ament_cmake_core/cmake/package_templates/templates_2_cmake.py
[1.029s]   /home/ubuntu/imugy85/build/gy85/ament_cmake_package_templates/templates.cmake)
[1.029s]   returned error code 1
[1.030s] Call Stack (most recent call first):
[1.030s]   /opt/ros/foxy/share/ament_cmake_core/cmake/ament_cmake_coreConfig.cmake:41 (include)
[1.031s]   /opt/ros/foxy/share/ament_cmake/cmake/ament_cmake_export_dependencies-extras.cmake:15 (find_package)
[1.031s]   /opt/ros/foxy/share/ament_cmake/cmake/ament_cmakeConfig.cmake:41 (include)
[1.032s]   CMakeLists.txt:19 (find_package)
[1.032s] 
[1.033s] 
[1.033s] -- Configuring incomplete, errors occurred!
[1.034s] See also "/home/ubuntu/imugy85/build/gy85/CMakeFiles/CMakeOutput.log".
[1.038s] Invoked command in '/home/ubuntu/imugy85/build/gy85' returned '1': CMAKE_PREFIX_PATH=${CMAKE_PREFIX_PATH}:/home/ubuntu/ros2_delivFoxy/install/serial_motor_demo:/home/ubuntu/dev_serial_motor/install/serial_motor_demo:/opt/ros/foxy /usr/bin/cmake /home/ubuntu/imugy85/src/gy85 -DCMAKE_INSTALL_PREFIX=/home/ubuntu/imugy85/install/gy85
