[1.515s] DEBUG:colcon:Command line arguments: ['/usr/bin/colcon', 'build', '--symlink-install']
[1.515s] DEBUG:colcon:Parsed command line arguments: Namespace(allow_overriding=[], ament_cmake_args=None, base_paths=['.'], build_base='build', catkin_cmake_args=None, catkin_skip_building_tests=False, cmake_args=None, cmake_clean_cache=False, cmake_clean_first=False, cmake_force_configure=False, cmake_target=None, cmake_target_skip_unavailable=False, continue_on_error=False, event_handlers=None, executor='parallel', ignore_user_meta=False, install_base='install', log_base=None, log_level=None, main=<bound method BuildVerb.main of <colcon_core.verb.build.BuildVerb object at 0xffff8e3711c0>>, merge_install=False, metas=['./colcon.meta'], packages_above=None, packages_above_and_dependencies=None, packages_above_depth=None, packages_end=None, packages_ignore=None, packages_ignore_regex=None, packages_select=None, packages_select_build_failed=False, packages_select_by_dep=None, packages_select_regex=None, packages_select_test_failures=False, packages_skip=None, packages_skip_build_finished=False, packages_skip_by_dep=None, packages_skip_regex=None, packages_skip_test_passed=False, packages_skip_up_to=None, packages_start=None, packages_up_to=None, packages_up_to_regex=None, parallel_workers=4, paths=None, symlink_install=True, test_result_base=None, verb_extension=<colcon_core.verb.build.BuildVerb object at 0xffff8e3711c0>, verb_name='build', verb_parser=<colcon_defaults.argument_parser.defaults.DefaultArgumentsDecorator object at 0xffff8e371700>)
[1.644s] Level 1:colcon.colcon_core.package_discovery:discover_packages(colcon_meta) check parameters
[1.645s] Level 1:colcon.colcon_core.package_discovery:discover_packages(recursive) check parameters
[1.645s] Level 1:colcon.colcon_core.package_discovery:discover_packages(ignore) check parameters
[1.645s] Level 1:colcon.colcon_core.package_discovery:discover_packages(path) check parameters
[1.646s] Level 1:colcon.colcon_core.package_discovery:discover_packages(colcon_meta) discover
[1.646s] Level 1:colcon.colcon_core.package_discovery:discover_packages(recursive) discover
[1.646s] INFO:colcon.colcon_core.package_discovery:Crawling recursively for packages in '/home/ubuntu/IMU_GY-85'
[1.646s] Level 1:colcon.colcon_core.package_identification:_identify(.) by extensions ['ignore', 'ignore_ament_install']
[1.647s] Level 1:colcon.colcon_core.package_identification:_identify(.) by extension 'ignore'
[1.647s] Level 1:colcon.colcon_core.package_identification:_identify(.) by extension 'ignore_ament_install'
[1.648s] Level 1:colcon.colcon_core.package_identification:_identify(.) by extensions ['colcon_pkg']
[1.648s] Level 1:colcon.colcon_core.package_identification:_identify(.) by extension 'colcon_pkg'
[1.648s] Level 1:colcon.colcon_core.package_identification:_identify(.) by extensions ['colcon_meta']
[1.648s] Level 1:colcon.colcon_core.package_identification:_identify(.) by extension 'colcon_meta'
[1.648s] Level 1:colcon.colcon_core.package_identification:_identify(.) by extensions ['ros']
[1.648s] Level 1:colcon.colcon_core.package_identification:_identify(.) by extension 'ros'
[1.732s] Level 1:colcon.colcon_core.package_identification:_identify(.) by extensions ['cmake', 'python']
[1.733s] Level 1:colcon.colcon_core.package_identification:_identify(.) by extension 'cmake'
[1.733s] Level 1:colcon.colcon_core.package_identification:_identify(.) by extension 'python'
[1.733s] Level 1:colcon.colcon_core.package_identification:_identify(.) by extensions ['python_setup_py']
[1.733s] Level 1:colcon.colcon_core.package_identification:_identify(.) by extension 'python_setup_py'
[1.734s] Level 1:colcon.colcon_core.package_identification:_identify(build) by extensions ['ignore', 'ignore_ament_install']
[1.734s] Level 1:colcon.colcon_core.package_identification:_identify(build) by extension 'ignore'
[1.734s] Level 1:colcon.colcon_core.package_identification:_identify(build) ignored
[1.735s] Level 1:colcon.colcon_core.package_identification:_identify(install) by extensions ['ignore', 'ignore_ament_install']
[1.736s] Level 1:colcon.colcon_core.package_identification:_identify(install) by extension 'ignore'
[1.736s] Level 1:colcon.colcon_core.package_identification:_identify(install) ignored
[1.736s] Level 1:colcon.colcon_core.package_identification:_identify(log) by extensions ['ignore', 'ignore_ament_install']
[1.737s] Level 1:colcon.colcon_core.package_identification:_identify(log) by extension 'ignore'
[1.737s] Level 1:colcon.colcon_core.package_identification:_identify(log) ignored
[1.737s] Level 1:colcon.colcon_core.package_identification:_identify(src) by extensions ['ignore', 'ignore_ament_install']
[1.738s] Level 1:colcon.colcon_core.package_identification:_identify(src) by extension 'ignore'
[1.738s] Level 1:colcon.colcon_core.package_identification:_identify(src) by extension 'ignore_ament_install'
[1.738s] Level 1:colcon.colcon_core.package_identification:_identify(src) by extensions ['colcon_pkg']
[1.739s] Level 1:colcon.colcon_core.package_identification:_identify(src) by extension 'colcon_pkg'
[1.739s] Level 1:colcon.colcon_core.package_identification:_identify(src) by extensions ['colcon_meta']
[1.739s] Level 1:colcon.colcon_core.package_identification:_identify(src) by extension 'colcon_meta'
[1.739s] Level 1:colcon.colcon_core.package_identification:_identify(src) by extensions ['ros']
[1.739s] Level 1:colcon.colcon_core.package_identification:_identify(src) by extension 'ros'
[1.740s] Level 1:colcon.colcon_core.package_identification:_identify(src) by extensions ['cmake', 'python']
[1.740s] Level 1:colcon.colcon_core.package_identification:_identify(src) by extension 'cmake'
[1.740s] Level 1:colcon.colcon_core.package_identification:_identify(src) by extension 'python'
[1.740s] Level 1:colcon.colcon_core.package_identification:_identify(src) by extensions ['python_setup_py']
[1.740s] Level 1:colcon.colcon_core.package_identification:_identify(src) by extension 'python_setup_py'
[1.741s] Level 1:colcon.colcon_core.package_identification:_identify(src/gy85) by extensions ['ignore', 'ignore_ament_install']
[1.741s] Level 1:colcon.colcon_core.package_identification:_identify(src/gy85) by extension 'ignore'
[1.742s] Level 1:colcon.colcon_core.package_identification:_identify(src/gy85) by extension 'ignore_ament_install'
[1.742s] Level 1:colcon.colcon_core.package_identification:_identify(src/gy85) by extensions ['colcon_pkg']
[1.742s] Level 1:colcon.colcon_core.package_identification:_identify(src/gy85) by extension 'colcon_pkg'
[1.742s] Level 1:colcon.colcon_core.package_identification:_identify(src/gy85) by extensions ['colcon_meta']
[1.742s] Level 1:colcon.colcon_core.package_identification:_identify(src/gy85) by extension 'colcon_meta'
[1.743s] Level 1:colcon.colcon_core.package_identification:_identify(src/gy85) by extensions ['ros']
[1.743s] Level 1:colcon.colcon_core.package_identification:_identify(src/gy85) by extension 'ros'
[1.751s] DEBUG:colcon.colcon_core.package_identification:Found ROS schema reference in package manifest in 'src/gy85'
[1.751s] WARNING:colcon.colcon_core.package_identification:Failed to parse ROS package manifest in 'src/gy85': Error(s) in package 'src/gy85/package.xml':
The manifest must not contain more than one "export" tags
[1.751s] Level 1:colcon.colcon_core.package_identification:_identify(src/gy85) by extensions ['cmake', 'python']
[1.752s] Level 1:colcon.colcon_core.package_identification:_identify(src/gy85) by extension 'cmake'
[1.758s] Level 1:colcon.colcon_core.package_identification:_identify(src/gy85) by extension 'python'
[1.758s] DEBUG:colcon.colcon_core.package_identification:Package 'src/gy85' with type 'cmake' and name 'gy85'
[1.759s] Level 1:colcon.colcon_core.package_discovery:discover_packages(recursive) using defaults
[1.759s] Level 1:colcon.colcon_core.package_discovery:discover_packages(ignore) discover
[1.759s] Level 1:colcon.colcon_core.package_discovery:discover_packages(ignore) using defaults
[1.759s] Level 1:colcon.colcon_core.package_discovery:discover_packages(path) discover
[1.759s] Level 1:colcon.colcon_core.package_discovery:discover_packages(path) using defaults
[1.850s] Level 1:colcon.colcon_core.package_discovery:discover_packages(prefix_path) check parameters
[1.850s] Level 1:colcon.colcon_core.package_discovery:discover_packages(prefix_path) discover
[1.866s] DEBUG:colcon.colcon_installed_package_information.package_discovery:Found 1 installed packages in /home/ubuntu/IMU_GY-85/install
[1.873s] DEBUG:colcon.colcon_installed_package_information.package_discovery:Found 9 installed packages in /home/ubuntu/ros2_delivFoxy/install
[1.878s] DEBUG:colcon.colcon_installed_package_information.package_discovery:Found 2 installed packages in /home/ubuntu/dev_serial_motor/install
[1.892s] DEBUG:colcon.colcon_installed_package_information.package_discovery:Found 286 installed packages in /opt/ros/foxy
[1.900s] Level 1:colcon.colcon_core.package_discovery:discover_packages(prefix_path) using defaults
[2.264s] Level 5:colcon.colcon_core.verb:set package 'gy85' build argument 'cmake_args' from command line to 'None'
[2.264s] Level 5:colcon.colcon_core.verb:set package 'gy85' build argument 'cmake_target' from command line to 'None'
[2.264s] Level 5:colcon.colcon_core.verb:set package 'gy85' build argument 'cmake_target_skip_unavailable' from command line to 'False'
[2.265s] Level 5:colcon.colcon_core.verb:set package 'gy85' build argument 'cmake_clean_cache' from command line to 'False'
[2.265s] Level 5:colcon.colcon_core.verb:set package 'gy85' build argument 'cmake_clean_first' from command line to 'False'
[2.265s] Level 5:colcon.colcon_core.verb:set package 'gy85' build argument 'cmake_force_configure' from command line to 'False'
[2.265s] Level 5:colcon.colcon_core.verb:set package 'gy85' build argument 'ament_cmake_args' from command line to 'None'
[2.265s] Level 5:colcon.colcon_core.verb:set package 'gy85' build argument 'catkin_cmake_args' from command line to 'None'
[2.265s] Level 5:colcon.colcon_core.verb:set package 'gy85' build argument 'catkin_skip_building_tests' from command line to 'False'
[2.265s] DEBUG:colcon.colcon_core.verb:Building package 'gy85' with the following arguments: {'ament_cmake_args': None, 'build_base': '/home/ubuntu/IMU_GY-85/build/gy85', 'catkin_cmake_args': None, 'catkin_skip_building_tests': False, 'cmake_args': None, 'cmake_clean_cache': False, 'cmake_clean_first': False, 'cmake_force_configure': False, 'cmake_target': None, 'cmake_target_skip_unavailable': False, 'install_base': '/home/ubuntu/IMU_GY-85/install/gy85', 'merge_install': False, 'path': '/home/ubuntu/IMU_GY-85/src/gy85', 'symlink_install': True, 'test_result_base': None}
[2.269s] INFO:colcon.colcon_core.executor:Executing jobs using 'parallel' executor
[2.284s] DEBUG:colcon.colcon_parallel_executor.executor.parallel:run_until_complete
[2.285s] INFO:colcon.colcon_cmake.task.cmake.build:Building CMake package in '/home/ubuntu/IMU_GY-85/src/gy85'
[2.307s] INFO:colcon.colcon_core.plugin_system:Skipping extension 'colcon_core.shell.bat': Not used on non-Windows systems
[2.308s] INFO:colcon.colcon_core.shell:Skip shell extension 'powershell' for command environment: Not usable outside of PowerShell
[2.308s] DEBUG:colcon.colcon_core.shell:Skip shell extension 'dsv' for command environment
[2.374s] DEBUG:colcon.colcon_core.event_handler.log_command:Invoking command in '/home/ubuntu/IMU_GY-85/build/gy85': /usr/bin/cmake /home/ubuntu/IMU_GY-85/src/gy85 -DCMAKE_INSTALL_PREFIX=/home/ubuntu/IMU_GY-85/install/gy85
[4.484s] DEBUG:colcon.colcon_core.event_handler.log_command:Invoked command in '/home/ubuntu/IMU_GY-85/build/gy85' returned '1': /usr/bin/cmake /home/ubuntu/IMU_GY-85/src/gy85 -DCMAKE_INSTALL_PREFIX=/home/ubuntu/IMU_GY-85/install/gy85
[4.486s] DEBUG:colcon.colcon_parallel_executor.executor.parallel:closing loop
[4.487s] DEBUG:colcon.colcon_parallel_executor.executor.parallel:loop closed
[4.487s] DEBUG:colcon.colcon_parallel_executor.executor.parallel:run_until_complete finished with '1'
[4.488s] DEBUG:colcon.colcon_core.event_reactor:joining thread
[4.514s] INFO:colcon.colcon_core.plugin_system:Skipping extension 'colcon_notification.desktop_notification.terminal_notifier': Not used on non-Darwin systems
[4.515s] INFO:colcon.colcon_core.plugin_system:Skipping extension 'colcon_notification.desktop_notification.win32': Not used on non-Windows systems
[4.515s] INFO:colcon.colcon_notification.desktop_notification:Sending desktop notification using 'notify2'
[4.566s] DEBUG:colcon.colcon_core.event_reactor:joined thread
[4.576s] INFO:colcon.colcon_core.shell:Creating prefix script '/home/ubuntu/IMU_GY-85/install/local_setup.ps1'
[4.580s] INFO:colcon.colcon_core.shell:Creating prefix util module '/home/ubuntu/IMU_GY-85/install/_local_setup_util_ps1.py'
[4.586s] INFO:colcon.colcon_core.shell:Creating prefix chain script '/home/ubuntu/IMU_GY-85/install/setup.ps1'
[4.597s] INFO:colcon.colcon_core.shell:Creating prefix script '/home/ubuntu/IMU_GY-85/install/local_setup.sh'
[4.599s] INFO:colcon.colcon_core.shell:Creating prefix util module '/home/ubuntu/IMU_GY-85/install/_local_setup_util_sh.py'
[4.602s] INFO:colcon.colcon_core.shell:Creating prefix chain script '/home/ubuntu/IMU_GY-85/install/setup.sh'
[4.611s] INFO:colcon.colcon_core.shell:Creating prefix script '/home/ubuntu/IMU_GY-85/install/local_setup.bash'
[4.614s] INFO:colcon.colcon_core.shell:Creating prefix chain script '/home/ubuntu/IMU_GY-85/install/setup.bash'
[4.624s] INFO:colcon.colcon_core.shell:Creating prefix script '/home/ubuntu/IMU_GY-85/install/local_setup.zsh'
[4.626s] INFO:colcon.colcon_core.shell:Creating prefix chain script '/home/ubuntu/IMU_GY-85/install/setup.zsh'
