[1.482s] DEBUG:colcon:Command line arguments: ['/usr/bin/colcon', 'build', '--packages-select', 'gy85']
[1.483s] DEBUG:colcon:Parsed command line arguments: Namespace(allow_overriding=[], ament_cmake_args=None, base_paths=['.'], build_base='build', catkin_cmake_args=None, catkin_skip_building_tests=False, cmake_args=None, cmake_clean_cache=False, cmake_clean_first=False, cmake_force_configure=False, cmake_target=None, cmake_target_skip_unavailable=False, continue_on_error=False, event_handlers=None, executor='parallel', ignore_user_meta=False, install_base='install', log_base=None, log_level=None, main=<bound method BuildVerb.main of <colcon_core.verb.build.BuildVerb object at 0xffff83df6220>>, merge_install=False, metas=['./colcon.meta'], packages_above=None, packages_above_and_dependencies=None, packages_above_depth=None, packages_end=None, packages_ignore=None, packages_ignore_regex=None, packages_select=['gy85'], packages_select_build_failed=False, packages_select_by_dep=None, packages_select_regex=None, packages_select_test_failures=False, packages_skip=None, packages_skip_build_finished=False, packages_skip_by_dep=None, packages_skip_regex=None, packages_skip_test_passed=False, packages_skip_up_to=None, packages_start=None, packages_up_to=None, packages_up_to_regex=None, parallel_workers=4, paths=None, symlink_install=False, test_result_base=None, verb_extension=<colcon_core.verb.build.BuildVerb object at 0xffff83df6220>, verb_name='build', verb_parser=<colcon_defaults.argument_parser.defaults.DefaultArgumentsDecorator object at 0xffff83df6760>)
[1.603s] Level 1:colcon.colcon_core.package_discovery:discover_packages(colcon_meta) check parameters
[1.603s] Level 1:colcon.colcon_core.package_discovery:discover_packages(recursive) check parameters
[1.603s] Level 1:colcon.colcon_core.package_discovery:discover_packages(ignore) check parameters
[1.604s] Level 1:colcon.colcon_core.package_discovery:discover_packages(path) check parameters
[1.604s] Level 1:colcon.colcon_core.package_discovery:discover_packages(colcon_meta) discover
[1.604s] Level 1:colcon.colcon_core.package_discovery:discover_packages(recursive) discover
[1.604s] INFO:colcon.colcon_core.package_discovery:Crawling recursively for packages in '/home/ubuntu/IMU_GY-85'
[1.605s] Level 1:colcon.colcon_core.package_identification:_identify(.) by extensions ['ignore', 'ignore_ament_install']
[1.605s] Level 1:colcon.colcon_core.package_identification:_identify(.) by extension 'ignore'
[1.606s] Level 1:colcon.colcon_core.package_identification:_identify(.) by extension 'ignore_ament_install'
[1.606s] Level 1:colcon.colcon_core.package_identification:_identify(.) by extensions ['colcon_pkg']
[1.606s] Level 1:colcon.colcon_core.package_identification:_identify(.) by extension 'colcon_pkg'
[1.606s] Level 1:colcon.colcon_core.package_identification:_identify(.) by extensions ['colcon_meta']
[1.606s] Level 1:colcon.colcon_core.package_identification:_identify(.) by extension 'colcon_meta'
[1.607s] Level 1:colcon.colcon_core.package_identification:_identify(.) by extensions ['ros']
[1.607s] Level 1:colcon.colcon_core.package_identification:_identify(.) by extension 'ros'
[1.692s] Level 1:colcon.colcon_core.package_identification:_identify(.) by extensions ['cmake', 'python']
[1.692s] Level 1:colcon.colcon_core.package_identification:_identify(.) by extension 'cmake'
[1.693s] Level 1:colcon.colcon_core.package_identification:_identify(.) by extension 'python'
[1.693s] Level 1:colcon.colcon_core.package_identification:_identify(.) by extensions ['python_setup_py']
[1.693s] Level 1:colcon.colcon_core.package_identification:_identify(.) by extension 'python_setup_py'
[1.694s] Level 1:colcon.colcon_core.package_identification:_identify(build) by extensions ['ignore', 'ignore_ament_install']
[1.694s] Level 1:colcon.colcon_core.package_identification:_identify(build) by extension 'ignore'
[1.694s] Level 1:colcon.colcon_core.package_identification:_identify(build) ignored
[1.695s] Level 1:colcon.colcon_core.package_identification:_identify(install) by extensions ['ignore', 'ignore_ament_install']
[1.695s] Level 1:colcon.colcon_core.package_identification:_identify(install) by extension 'ignore'
[1.696s] Level 1:colcon.colcon_core.package_identification:_identify(install) ignored
[1.696s] Level 1:colcon.colcon_core.package_identification:_identify(log) by extensions ['ignore', 'ignore_ament_install']
[1.697s] Level 1:colcon.colcon_core.package_identification:_identify(log) by extension 'ignore'
[1.697s] Level 1:colcon.colcon_core.package_identification:_identify(log) ignored
[1.697s] Level 1:colcon.colcon_core.package_identification:_identify(src) by extensions ['ignore', 'ignore_ament_install']
[1.698s] Level 1:colcon.colcon_core.package_identification:_identify(src) by extension 'ignore'
[1.698s] Level 1:colcon.colcon_core.package_identification:_identify(src) by extension 'ignore_ament_install'
[1.698s] Level 1:colcon.colcon_core.package_identification:_identify(src) by extensions ['colcon_pkg']
[1.698s] Level 1:colcon.colcon_core.package_identification:_identify(src) by extension 'colcon_pkg'
[1.699s] Level 1:colcon.colcon_core.package_identification:_identify(src) by extensions ['colcon_meta']
[1.699s] Level 1:colcon.colcon_core.package_identification:_identify(src) by extension 'colcon_meta'
[1.699s] Level 1:colcon.colcon_core.package_identification:_identify(src) by extensions ['ros']
[1.699s] Level 1:colcon.colcon_core.package_identification:_identify(src) by extension 'ros'
[1.699s] Level 1:colcon.colcon_core.package_identification:_identify(src) by extensions ['cmake', 'python']
[1.700s] Level 1:colcon.colcon_core.package_identification:_identify(src) by extension 'cmake'
[1.700s] Level 1:colcon.colcon_core.package_identification:_identify(src) by extension 'python'
[1.700s] Level 1:colcon.colcon_core.package_identification:_identify(src) by extensions ['python_setup_py']
[1.700s] Level 1:colcon.colcon_core.package_identification:_identify(src) by extension 'python_setup_py'
[1.701s] Level 1:colcon.colcon_core.package_identification:_identify(src/gy85) by extensions ['ignore', 'ignore_ament_install']
[1.701s] Level 1:colcon.colcon_core.package_identification:_identify(src/gy85) by extension 'ignore'
[1.701s] Level 1:colcon.colcon_core.package_identification:_identify(src/gy85) by extension 'ignore_ament_install'
[1.702s] Level 1:colcon.colcon_core.package_identification:_identify(src/gy85) by extensions ['colcon_pkg']
[1.702s] Level 1:colcon.colcon_core.package_identification:_identify(src/gy85) by extension 'colcon_pkg'
[1.702s] Level 1:colcon.colcon_core.package_identification:_identify(src/gy85) by extensions ['colcon_meta']
[1.702s] Level 1:colcon.colcon_core.package_identification:_identify(src/gy85) by extension 'colcon_meta'
[1.702s] Level 1:colcon.colcon_core.package_identification:_identify(src/gy85) by extensions ['ros']
[1.703s] Level 1:colcon.colcon_core.package_identification:_identify(src/gy85) by extension 'ros'
[1.712s] DEBUG:colcon.colcon_core.package_identification:Package 'src/gy85' with type 'ros.ament_cmake' and name 'gy85'
[1.712s] Level 1:colcon.colcon_core.package_discovery:discover_packages(recursive) using defaults
[1.713s] Level 1:colcon.colcon_core.package_discovery:discover_packages(ignore) discover
[1.713s] Level 1:colcon.colcon_core.package_discovery:discover_packages(ignore) using defaults
[1.713s] Level 1:colcon.colcon_core.package_discovery:discover_packages(path) discover
[1.713s] Level 1:colcon.colcon_core.package_discovery:discover_packages(path) using defaults
[1.803s] Level 1:colcon.colcon_core.package_discovery:discover_packages(prefix_path) check parameters
[1.804s] Level 1:colcon.colcon_core.package_discovery:discover_packages(prefix_path) discover
[1.819s] DEBUG:colcon.colcon_installed_package_information.package_discovery:Found 1 installed packages in /home/ubuntu/IMU_GY-85/install
[1.826s] DEBUG:colcon.colcon_installed_package_information.package_discovery:Found 9 installed packages in /home/ubuntu/ros2_delivFoxy/install
[1.831s] DEBUG:colcon.colcon_installed_package_information.package_discovery:Found 2 installed packages in /home/ubuntu/dev_serial_motor/install
[1.844s] DEBUG:colcon.colcon_installed_package_information.package_discovery:Found 286 installed packages in /opt/ros/foxy
[1.853s] Level 1:colcon.colcon_core.package_discovery:discover_packages(prefix_path) using defaults
[2.197s] Level 5:colcon.colcon_core.verb:set package 'gy85' build argument 'cmake_args' from command line to 'None'
[2.197s] Level 5:colcon.colcon_core.verb:set package 'gy85' build argument 'cmake_target' from command line to 'None'
[2.198s] Level 5:colcon.colcon_core.verb:set package 'gy85' build argument 'cmake_target_skip_unavailable' from command line to 'False'
[2.198s] Level 5:colcon.colcon_core.verb:set package 'gy85' build argument 'cmake_clean_cache' from command line to 'False'
[2.198s] Level 5:colcon.colcon_core.verb:set package 'gy85' build argument 'cmake_clean_first' from command line to 'False'
[2.198s] Level 5:colcon.colcon_core.verb:set package 'gy85' build argument 'cmake_force_configure' from command line to 'False'
[2.198s] Level 5:colcon.colcon_core.verb:set package 'gy85' build argument 'ament_cmake_args' from command line to 'None'
[2.198s] Level 5:colcon.colcon_core.verb:set package 'gy85' build argument 'catkin_cmake_args' from command line to 'None'
[2.198s] Level 5:colcon.colcon_core.verb:set package 'gy85' build argument 'catkin_skip_building_tests' from command line to 'False'
[2.199s] DEBUG:colcon.colcon_core.verb:Building package 'gy85' with the following arguments: {'ament_cmake_args': None, 'build_base': '/home/ubuntu/IMU_GY-85/build/gy85', 'catkin_cmake_args': None, 'catkin_skip_building_tests': False, 'cmake_args': None, 'cmake_clean_cache': False, 'cmake_clean_first': False, 'cmake_force_configure': False, 'cmake_target': None, 'cmake_target_skip_unavailable': False, 'install_base': '/home/ubuntu/IMU_GY-85/install/gy85', 'merge_install': False, 'path': '/home/ubuntu/IMU_GY-85/src/gy85', 'symlink_install': False, 'test_result_base': None}
[2.202s] INFO:colcon.colcon_core.executor:Executing jobs using 'parallel' executor
[2.217s] DEBUG:colcon.colcon_parallel_executor.executor.parallel:run_until_complete
[2.218s] INFO:colcon.colcon_ros.task.ament_cmake.build:Building ROS package in '/home/ubuntu/IMU_GY-85/src/gy85' with build type 'ament_cmake'
[2.219s] INFO:colcon.colcon_cmake.task.cmake.build:Building CMake package in '/home/ubuntu/IMU_GY-85/src/gy85'
[2.240s] INFO:colcon.colcon_core.plugin_system:Skipping extension 'colcon_core.shell.bat': Not used on non-Windows systems
[2.241s] INFO:colcon.colcon_core.shell:Skip shell extension 'powershell' for command environment: Not usable outside of PowerShell
[2.241s] DEBUG:colcon.colcon_core.shell:Skip shell extension 'dsv' for command environment
[2.305s] DEBUG:colcon.colcon_core.event_handler.log_command:Invoking command in '/home/ubuntu/IMU_GY-85/build/gy85': CMAKE_PREFIX_PATH=${CMAKE_PREFIX_PATH}:/home/ubuntu/ros2_delivFoxy/install/serial_motor_demo:/home/ubuntu/dev_serial_motor/install/serial_motor_demo:/opt/ros/foxy /usr/bin/cmake /home/ubuntu/IMU_GY-85/src/gy85 -DCMAKE_INSTALL_PREFIX=/home/ubuntu/IMU_GY-85/install/gy85
[3.887s] DEBUG:colcon.colcon_core.event_handler.log_command:Invoked command in '/home/ubuntu/IMU_GY-85/build/gy85' returned '0': CMAKE_PREFIX_PATH=${CMAKE_PREFIX_PATH}:/home/ubuntu/ros2_delivFoxy/install/serial_motor_demo:/home/ubuntu/dev_serial_motor/install/serial_motor_demo:/opt/ros/foxy /usr/bin/cmake /home/ubuntu/IMU_GY-85/src/gy85 -DCMAKE_INSTALL_PREFIX=/home/ubuntu/IMU_GY-85/install/gy85
[3.901s] DEBUG:colcon.colcon_core.event_handler.log_command:Invoking command in '/home/ubuntu/IMU_GY-85/build/gy85': CMAKE_PREFIX_PATH=${CMAKE_PREFIX_PATH}:/home/ubuntu/ros2_delivFoxy/install/serial_motor_demo:/home/ubuntu/dev_serial_motor/install/serial_motor_demo:/opt/ros/foxy /usr/bin/cmake --build /home/ubuntu/IMU_GY-85/build/gy85 -- -j4 -l4
[4.103s] DEBUG:colcon.colcon_core.event_handler.log_command:Invoked command in '/home/ubuntu/IMU_GY-85/build/gy85' returned '0': CMAKE_PREFIX_PATH=${CMAKE_PREFIX_PATH}:/home/ubuntu/ros2_delivFoxy/install/serial_motor_demo:/home/ubuntu/dev_serial_motor/install/serial_motor_demo:/opt/ros/foxy /usr/bin/cmake --build /home/ubuntu/IMU_GY-85/build/gy85 -- -j4 -l4
[4.305s] DEBUG:colcon.colcon_core.event_handler.log_command:Invoking command in '/home/ubuntu/IMU_GY-85/build/gy85': CMAKE_PREFIX_PATH=${CMAKE_PREFIX_PATH}:/home/ubuntu/ros2_delivFoxy/install/serial_motor_demo:/home/ubuntu/dev_serial_motor/install/serial_motor_demo:/opt/ros/foxy /usr/bin/cmake --install /home/ubuntu/IMU_GY-85/build/gy85
[4.422s] Level 1:colcon.colcon_core.environment:create_environment_scripts_only(gy85)
[4.425s] DEBUG:colcon.colcon_core.event_handler.log_command:Invoked command in '/home/ubuntu/IMU_GY-85/build/gy85' returned '0': CMAKE_PREFIX_PATH=${CMAKE_PREFIX_PATH}:/home/ubuntu/ros2_delivFoxy/install/serial_motor_demo:/home/ubuntu/dev_serial_motor/install/serial_motor_demo:/opt/ros/foxy /usr/bin/cmake --install /home/ubuntu/IMU_GY-85/build/gy85
[4.449s] Level 1:colcon.colcon_core.environment:checking '/home/ubuntu/IMU_GY-85/install/gy85' for CMake module files
[4.452s] Level 1:colcon.colcon_core.environment:checking '/home/ubuntu/IMU_GY-85/install/gy85' for CMake config files
[4.454s] Level 1:colcon.colcon_core.shell:create_environment_hook('gy85', 'cmake_prefix_path')
[4.461s] INFO:colcon.colcon_core.shell:Creating environment hook '/home/ubuntu/IMU_GY-85/install/gy85/share/gy85/hook/cmake_prefix_path.ps1'
[4.463s] INFO:colcon.colcon_core.shell:Creating environment descriptor '/home/ubuntu/IMU_GY-85/install/gy85/share/gy85/hook/cmake_prefix_path.dsv'
[4.466s] INFO:colcon.colcon_core.shell:Creating environment hook '/home/ubuntu/IMU_GY-85/install/gy85/share/gy85/hook/cmake_prefix_path.sh'
[4.470s] Level 1:colcon.colcon_core.environment:checking '/home/ubuntu/IMU_GY-85/install/gy85/bin'
[4.470s] Level 1:colcon.colcon_core.environment:checking '/home/ubuntu/IMU_GY-85/install/gy85/lib/pkgconfig/gy85.pc'
[4.471s] Level 1:colcon.colcon_core.environment:checking '/home/ubuntu/IMU_GY-85/install/gy85/lib/python3.8/site-packages'
[4.472s] Level 1:colcon.colcon_core.environment:checking '/home/ubuntu/IMU_GY-85/install/gy85/bin'
[4.482s] INFO:colcon.colcon_core.shell:Creating package script '/home/ubuntu/IMU_GY-85/install/gy85/share/gy85/package.ps1'
[4.487s] INFO:colcon.colcon_core.shell:Creating package descriptor '/home/ubuntu/IMU_GY-85/install/gy85/share/gy85/package.dsv'
[4.489s] INFO:colcon.colcon_core.shell:Creating package script '/home/ubuntu/IMU_GY-85/install/gy85/share/gy85/package.sh'
[4.493s] INFO:colcon.colcon_core.shell:Creating package script '/home/ubuntu/IMU_GY-85/install/gy85/share/gy85/package.bash'
[4.497s] INFO:colcon.colcon_core.shell:Creating package script '/home/ubuntu/IMU_GY-85/install/gy85/share/gy85/package.zsh'
[4.500s] Level 1:colcon.colcon_core.environment:create_file_with_runtime_dependencies(/home/ubuntu/IMU_GY-85/install/gy85/share/colcon-core/packages/gy85)
[4.650s] Level 1:colcon.colcon_core.environment:create_environment_scripts_only(gy85)
[4.662s] Level 1:colcon.colcon_core.environment:checking '/home/ubuntu/IMU_GY-85/install/gy85' for CMake module files
[4.665s] Level 1:colcon.colcon_core.environment:checking '/home/ubuntu/IMU_GY-85/install/gy85' for CMake config files
[4.667s] Level 1:colcon.colcon_core.shell:create_environment_hook('gy85', 'cmake_prefix_path')
[4.674s] INFO:colcon.colcon_core.shell:Creating environment hook '/home/ubuntu/IMU_GY-85/install/gy85/share/gy85/hook/cmake_prefix_path.ps1'
[4.677s] INFO:colcon.colcon_core.shell:Creating environment descriptor '/home/ubuntu/IMU_GY-85/install/gy85/share/gy85/hook/cmake_prefix_path.dsv'
[4.678s] INFO:colcon.colcon_core.shell:Creating environment hook '/home/ubuntu/IMU_GY-85/install/gy85/share/gy85/hook/cmake_prefix_path.sh'
[4.681s] Level 1:colcon.colcon_core.environment:checking '/home/ubuntu/IMU_GY-85/install/gy85/bin'
[4.681s] Level 1:colcon.colcon_core.environment:checking '/home/ubuntu/IMU_GY-85/install/gy85/lib/pkgconfig/gy85.pc'
[4.682s] Level 1:colcon.colcon_core.environment:checking '/home/ubuntu/IMU_GY-85/install/gy85/lib/python3.8/site-packages'
[4.683s] Level 1:colcon.colcon_core.environment:checking '/home/ubuntu/IMU_GY-85/install/gy85/bin'
[4.690s] INFO:colcon.colcon_core.shell:Creating package script '/home/ubuntu/IMU_GY-85/install/gy85/share/gy85/package.ps1'
[4.692s] INFO:colcon.colcon_core.shell:Creating package descriptor '/home/ubuntu/IMU_GY-85/install/gy85/share/gy85/package.dsv'
[4.695s] INFO:colcon.colcon_core.shell:Creating package script '/home/ubuntu/IMU_GY-85/install/gy85/share/gy85/package.sh'
[4.697s] INFO:colcon.colcon_core.shell:Creating package script '/home/ubuntu/IMU_GY-85/install/gy85/share/gy85/package.bash'
[4.699s] INFO:colcon.colcon_core.shell:Creating package script '/home/ubuntu/IMU_GY-85/install/gy85/share/gy85/package.zsh'
[4.701s] Level 1:colcon.colcon_core.environment:create_file_with_runtime_dependencies(/home/ubuntu/IMU_GY-85/install/gy85/share/colcon-core/packages/gy85)
[4.703s] DEBUG:colcon.colcon_parallel_executor.executor.parallel:closing loop
[4.704s] DEBUG:colcon.colcon_parallel_executor.executor.parallel:loop closed
[4.704s] DEBUG:colcon.colcon_parallel_executor.executor.parallel:run_until_complete finished with '0'
[4.705s] DEBUG:colcon.colcon_core.event_reactor:joining thread
[4.731s] INFO:colcon.colcon_core.plugin_system:Skipping extension 'colcon_notification.desktop_notification.terminal_notifier': Not used on non-Darwin systems
[4.732s] INFO:colcon.colcon_core.plugin_system:Skipping extension 'colcon_notification.desktop_notification.win32': Not used on non-Windows systems
[4.732s] INFO:colcon.colcon_notification.desktop_notification:Sending desktop notification using 'notify2'
[4.779s] DEBUG:colcon.colcon_core.event_reactor:joined thread
[4.787s] INFO:colcon.colcon_core.shell:Creating prefix script '/home/ubuntu/IMU_GY-85/install/local_setup.ps1'
[4.791s] INFO:colcon.colcon_core.shell:Creating prefix util module '/home/ubuntu/IMU_GY-85/install/_local_setup_util_ps1.py'
[4.797s] INFO:colcon.colcon_core.shell:Creating prefix chain script '/home/ubuntu/IMU_GY-85/install/setup.ps1'
[4.806s] INFO:colcon.colcon_core.shell:Creating prefix script '/home/ubuntu/IMU_GY-85/install/local_setup.sh'
[4.809s] INFO:colcon.colcon_core.shell:Creating prefix util module '/home/ubuntu/IMU_GY-85/install/_local_setup_util_sh.py'
[4.811s] INFO:colcon.colcon_core.shell:Creating prefix chain script '/home/ubuntu/IMU_GY-85/install/setup.sh'
[4.821s] INFO:colcon.colcon_core.shell:Creating prefix script '/home/ubuntu/IMU_GY-85/install/local_setup.bash'
[4.823s] INFO:colcon.colcon_core.shell:Creating prefix chain script '/home/ubuntu/IMU_GY-85/install/setup.bash'
[4.833s] INFO:colcon.colcon_core.shell:Creating prefix script '/home/ubuntu/IMU_GY-85/install/local_setup.zsh'
[4.835s] INFO:colcon.colcon_core.shell:Creating prefix chain script '/home/ubuntu/IMU_GY-85/install/setup.zsh'
