[1.352s] DEBUG:colcon:Command line arguments: ['/usr/bin/colcon', 'build', '--packages-select', 'gy85']
[1.352s] DEBUG:colcon:Parsed command line arguments: Namespace(allow_overriding=[], ament_cmake_args=None, base_paths=['.'], build_base='build', catkin_cmake_args=None, catkin_skip_building_tests=False, cmake_args=None, cmake_clean_cache=False, cmake_clean_first=False, cmake_force_configure=False, cmake_target=None, cmake_target_skip_unavailable=False, continue_on_error=False, event_handlers=None, executor='parallel', ignore_user_meta=False, install_base='install', log_base=None, log_level=None, main=<bound method BuildVerb.main of <colcon_core.verb.build.BuildVerb object at 0xffffbba24790>>, merge_install=False, metas=['./colcon.meta'], packages_above=None, packages_above_and_dependencies=None, packages_above_depth=None, packages_end=None, packages_ignore=None, packages_ignore_regex=None, packages_select=['gy85'], packages_select_build_failed=False, packages_select_by_dep=None, packages_select_regex=None, packages_select_test_failures=False, packages_skip=None, packages_skip_build_finished=False, packages_skip_by_dep=None, packages_skip_regex=None, packages_skip_test_passed=False, packages_skip_up_to=None, packages_start=None, packages_up_to=None, packages_up_to_regex=None, parallel_workers=4, paths=None, symlink_install=False, test_result_base=None, verb_extension=<colcon_core.verb.build.BuildVerb object at 0xffffbba24790>, verb_name='build', verb_parser=<colcon_defaults.argument_parser.defaults.DefaultArgumentsDecorator object at 0xffffbba24d00>)
[1.468s] Level 1:colcon.colcon_core.package_discovery:discover_packages(colcon_meta) check parameters
[1.469s] Level 1:colcon.colcon_core.package_discovery:discover_packages(recursive) check parameters
[1.469s] Level 1:colcon.colcon_core.package_discovery:discover_packages(ignore) check parameters
[1.469s] Level 1:colcon.colcon_core.package_discovery:discover_packages(path) check parameters
[1.469s] Level 1:colcon.colcon_core.package_discovery:discover_packages(colcon_meta) discover
[1.469s] Level 1:colcon.colcon_core.package_discovery:discover_packages(recursive) discover
[1.470s] INFO:colcon.colcon_core.package_discovery:Crawling recursively for packages in '/home/ubuntu/imugy85'
[1.470s] Level 1:colcon.colcon_core.package_identification:_identify(.) by extensions ['ignore', 'ignore_ament_install']
[1.471s] Level 1:colcon.colcon_core.package_identification:_identify(.) by extension 'ignore'
[1.471s] Level 1:colcon.colcon_core.package_identification:_identify(.) by extension 'ignore_ament_install'
[1.471s] Level 1:colcon.colcon_core.package_identification:_identify(.) by extensions ['colcon_pkg']
[1.471s] Level 1:colcon.colcon_core.package_identification:_identify(.) by extension 'colcon_pkg'
[1.471s] Level 1:colcon.colcon_core.package_identification:_identify(.) by extensions ['colcon_meta']
[1.472s] Level 1:colcon.colcon_core.package_identification:_identify(.) by extension 'colcon_meta'
[1.472s] Level 1:colcon.colcon_core.package_identification:_identify(.) by extensions ['ros']
[1.472s] Level 1:colcon.colcon_core.package_identification:_identify(.) by extension 'ros'
[1.557s] Level 1:colcon.colcon_core.package_identification:_identify(.) by extensions ['cmake', 'python']
[1.557s] Level 1:colcon.colcon_core.package_identification:_identify(.) by extension 'cmake'
[1.557s] Level 1:colcon.colcon_core.package_identification:_identify(.) by extension 'python'
[1.558s] Level 1:colcon.colcon_core.package_identification:_identify(.) by extensions ['python_setup_py']
[1.558s] Level 1:colcon.colcon_core.package_identification:_identify(.) by extension 'python_setup_py'
[1.558s] Level 1:colcon.colcon_core.package_identification:_identify(build) by extensions ['ignore', 'ignore_ament_install']
[1.559s] Level 1:colcon.colcon_core.package_identification:_identify(build) by extension 'ignore'
[1.559s] Level 1:colcon.colcon_core.package_identification:_identify(build) ignored
[1.560s] Level 1:colcon.colcon_core.package_identification:_identify(install) by extensions ['ignore', 'ignore_ament_install']
[1.560s] Level 1:colcon.colcon_core.package_identification:_identify(install) by extension 'ignore'
[1.560s] Level 1:colcon.colcon_core.package_identification:_identify(install) ignored
[1.561s] Level 1:colcon.colcon_core.package_identification:_identify(log) by extensions ['ignore', 'ignore_ament_install']
[1.561s] Level 1:colcon.colcon_core.package_identification:_identify(log) by extension 'ignore'
[1.562s] Level 1:colcon.colcon_core.package_identification:_identify(log) ignored
[1.562s] Level 1:colcon.colcon_core.package_identification:_identify(src) by extensions ['ignore', 'ignore_ament_install']
[1.562s] Level 1:colcon.colcon_core.package_identification:_identify(src) by extension 'ignore'
[1.563s] Level 1:colcon.colcon_core.package_identification:_identify(src) by extension 'ignore_ament_install'
[1.563s] Level 1:colcon.colcon_core.package_identification:_identify(src) by extensions ['colcon_pkg']
[1.563s] Level 1:colcon.colcon_core.package_identification:_identify(src) by extension 'colcon_pkg'
[1.563s] Level 1:colcon.colcon_core.package_identification:_identify(src) by extensions ['colcon_meta']
[1.563s] Level 1:colcon.colcon_core.package_identification:_identify(src) by extension 'colcon_meta'
[1.564s] Level 1:colcon.colcon_core.package_identification:_identify(src) by extensions ['ros']
[1.564s] Level 1:colcon.colcon_core.package_identification:_identify(src) by extension 'ros'
[1.564s] Level 1:colcon.colcon_core.package_identification:_identify(src) by extensions ['cmake', 'python']
[1.564s] Level 1:colcon.colcon_core.package_identification:_identify(src) by extension 'cmake'
[1.565s] Level 1:colcon.colcon_core.package_identification:_identify(src) by extension 'python'
[1.565s] Level 1:colcon.colcon_core.package_identification:_identify(src) by extensions ['python_setup_py']
[1.565s] Level 1:colcon.colcon_core.package_identification:_identify(src) by extension 'python_setup_py'
[1.565s] Level 1:colcon.colcon_core.package_identification:_identify(src/gy85) by extensions ['ignore', 'ignore_ament_install']
[1.566s] Level 1:colcon.colcon_core.package_identification:_identify(src/gy85) by extension 'ignore'
[1.566s] Level 1:colcon.colcon_core.package_identification:_identify(src/gy85) by extension 'ignore_ament_install'
[1.566s] Level 1:colcon.colcon_core.package_identification:_identify(src/gy85) by extensions ['colcon_pkg']
[1.567s] Level 1:colcon.colcon_core.package_identification:_identify(src/gy85) by extension 'colcon_pkg'
[1.567s] Level 1:colcon.colcon_core.package_identification:_identify(src/gy85) by extensions ['colcon_meta']
[1.567s] Level 1:colcon.colcon_core.package_identification:_identify(src/gy85) by extension 'colcon_meta'
[1.567s] Level 1:colcon.colcon_core.package_identification:_identify(src/gy85) by extensions ['ros']
[1.567s] Level 1:colcon.colcon_core.package_identification:_identify(src/gy85) by extension 'ros'
[1.576s] DEBUG:colcon.colcon_core.package_identification:Package 'src/gy85' with type 'ros.ament_cmake' and name 'gy85'
[1.577s] Level 1:colcon.colcon_core.package_discovery:discover_packages(recursive) using defaults
[1.577s] Level 1:colcon.colcon_core.package_discovery:discover_packages(ignore) discover
[1.577s] Level 1:colcon.colcon_core.package_discovery:discover_packages(ignore) using defaults
[1.577s] Level 1:colcon.colcon_core.package_discovery:discover_packages(path) discover
[1.577s] Level 1:colcon.colcon_core.package_discovery:discover_packages(path) using defaults
[1.659s] Level 1:colcon.colcon_core.package_discovery:discover_packages(prefix_path) check parameters
[1.659s] Level 1:colcon.colcon_core.package_discovery:discover_packages(prefix_path) discover
[1.676s] DEBUG:colcon.colcon_installed_package_information.package_discovery:Found 9 installed packages in /home/ubuntu/ros2_delivFoxy/install
[1.681s] DEBUG:colcon.colcon_installed_package_information.package_discovery:Found 2 installed packages in /home/ubuntu/dev_serial_motor/install
[1.694s] DEBUG:colcon.colcon_installed_package_information.package_discovery:Found 286 installed packages in /opt/ros/foxy
[1.707s] Level 1:colcon.colcon_core.package_discovery:discover_packages(prefix_path) using defaults
[2.055s] Level 5:colcon.colcon_core.verb:set package 'gy85' build argument 'cmake_args' from command line to 'None'
[2.055s] Level 5:colcon.colcon_core.verb:set package 'gy85' build argument 'cmake_target' from command line to 'None'
[2.055s] Level 5:colcon.colcon_core.verb:set package 'gy85' build argument 'cmake_target_skip_unavailable' from command line to 'False'
[2.056s] Level 5:colcon.colcon_core.verb:set package 'gy85' build argument 'cmake_clean_cache' from command line to 'False'
[2.056s] Level 5:colcon.colcon_core.verb:set package 'gy85' build argument 'cmake_clean_first' from command line to 'False'
[2.056s] Level 5:colcon.colcon_core.verb:set package 'gy85' build argument 'cmake_force_configure' from command line to 'False'
[2.056s] Level 5:colcon.colcon_core.verb:set package 'gy85' build argument 'ament_cmake_args' from command line to 'None'
[2.056s] Level 5:colcon.colcon_core.verb:set package 'gy85' build argument 'catkin_cmake_args' from command line to 'None'
[2.057s] Level 5:colcon.colcon_core.verb:set package 'gy85' build argument 'catkin_skip_building_tests' from command line to 'False'
[2.057s] DEBUG:colcon.colcon_core.verb:Building package 'gy85' with the following arguments: {'ament_cmake_args': None, 'build_base': '/home/ubuntu/imugy85/build/gy85', 'catkin_cmake_args': None, 'catkin_skip_building_tests': False, 'cmake_args': None, 'cmake_clean_cache': False, 'cmake_clean_first': False, 'cmake_force_configure': False, 'cmake_target': None, 'cmake_target_skip_unavailable': False, 'install_base': '/home/ubuntu/imugy85/install/gy85', 'merge_install': False, 'path': '/home/ubuntu/imugy85/src/gy85', 'symlink_install': False, 'test_result_base': None}
[2.060s] INFO:colcon.colcon_core.executor:Executing jobs using 'parallel' executor
[2.076s] DEBUG:colcon.colcon_parallel_executor.executor.parallel:run_until_complete
[2.077s] INFO:colcon.colcon_ros.task.ament_cmake.build:Building ROS package in '/home/ubuntu/imugy85/src/gy85' with build type 'ament_cmake'
[2.077s] INFO:colcon.colcon_cmake.task.cmake.build:Building CMake package in '/home/ubuntu/imugy85/src/gy85'
[2.100s] INFO:colcon.colcon_core.plugin_system:Skipping extension 'colcon_core.shell.bat': Not used on non-Windows systems
[2.101s] INFO:colcon.colcon_core.shell:Skip shell extension 'powershell' for command environment: Not usable outside of PowerShell
[2.102s] DEBUG:colcon.colcon_core.shell:Skip shell extension 'dsv' for command environment
[2.161s] DEBUG:colcon.colcon_core.event_handler.log_command:Invoking command in '/home/ubuntu/imugy85/build/gy85': CMAKE_PREFIX_PATH=${CMAKE_PREFIX_PATH}:/home/ubuntu/ros2_delivFoxy/install/serial_motor_demo:/home/ubuntu/dev_serial_motor/install/serial_motor_demo:/opt/ros/foxy /usr/bin/cmake /home/ubuntu/imugy85/src/gy85 -DCMAKE_INSTALL_PREFIX=/home/ubuntu/imugy85/install/gy85
[3.116s] DEBUG:colcon.colcon_core.event_handler.log_command:Invoked command in '/home/ubuntu/imugy85/build/gy85' returned '1': CMAKE_PREFIX_PATH=${CMAKE_PREFIX_PATH}:/home/ubuntu/ros2_delivFoxy/install/serial_motor_demo:/home/ubuntu/dev_serial_motor/install/serial_motor_demo:/opt/ros/foxy /usr/bin/cmake /home/ubuntu/imugy85/src/gy85 -DCMAKE_INSTALL_PREFIX=/home/ubuntu/imugy85/install/gy85
[3.182s] Level 1:colcon.colcon_core.environment:create_environment_scripts_only(gy85)
[3.224s] Level 1:colcon.colcon_core.environment:checking '/home/ubuntu/imugy85/install/gy85' for CMake module files
[3.226s] Level 1:colcon.colcon_core.environment:checking '/home/ubuntu/imugy85/install/gy85' for CMake config files
[3.228s] Level 1:colcon.colcon_core.environment:checking '/home/ubuntu/imugy85/install/gy85/bin'
[3.228s] Level 1:colcon.colcon_core.environment:checking '/home/ubuntu/imugy85/install/gy85/lib/pkgconfig/gy85.pc'
[3.229s] Level 1:colcon.colcon_core.environment:checking '/home/ubuntu/imugy85/install/gy85/lib/python3.8/site-packages'
[3.230s] Level 1:colcon.colcon_core.environment:checking '/home/ubuntu/imugy85/install/gy85/bin'
[3.237s] INFO:colcon.colcon_core.shell:Creating package script '/home/ubuntu/imugy85/install/gy85/share/gy85/package.ps1'
[3.243s] INFO:colcon.colcon_core.shell:Creating package descriptor '/home/ubuntu/imugy85/install/gy85/share/gy85/package.dsv'
[3.247s] INFO:colcon.colcon_core.shell:Creating package script '/home/ubuntu/imugy85/install/gy85/share/gy85/package.sh'
[3.251s] INFO:colcon.colcon_core.shell:Creating package script '/home/ubuntu/imugy85/install/gy85/share/gy85/package.bash'
[3.255s] INFO:colcon.colcon_core.shell:Creating package script '/home/ubuntu/imugy85/install/gy85/share/gy85/package.zsh'
[3.260s] Level 1:colcon.colcon_core.environment:create_file_with_runtime_dependencies(/home/ubuntu/imugy85/install/gy85/share/colcon-core/packages/gy85)
[3.262s] DEBUG:colcon.colcon_parallel_executor.executor.parallel:closing loop
[3.263s] DEBUG:colcon.colcon_parallel_executor.executor.parallel:loop closed
[3.263s] DEBUG:colcon.colcon_parallel_executor.executor.parallel:run_until_complete finished with '1'
[3.264s] DEBUG:colcon.colcon_core.event_reactor:joining thread
[3.290s] INFO:colcon.colcon_core.plugin_system:Skipping extension 'colcon_notification.desktop_notification.terminal_notifier': Not used on non-Darwin systems
[3.290s] INFO:colcon.colcon_core.plugin_system:Skipping extension 'colcon_notification.desktop_notification.win32': Not used on non-Windows systems
[3.290s] INFO:colcon.colcon_notification.desktop_notification:Sending desktop notification using 'notify2'
[3.332s] DEBUG:colcon.colcon_core.event_reactor:joined thread
[3.339s] INFO:colcon.colcon_core.shell:Creating prefix script '/home/ubuntu/imugy85/install/local_setup.ps1'
[3.343s] INFO:colcon.colcon_core.shell:Creating prefix util module '/home/ubuntu/imugy85/install/_local_setup_util_ps1.py'
[3.348s] INFO:colcon.colcon_core.shell:Creating prefix chain script '/home/ubuntu/imugy85/install/setup.ps1'
[3.357s] INFO:colcon.colcon_core.shell:Creating prefix script '/home/ubuntu/imugy85/install/local_setup.sh'
[3.360s] INFO:colcon.colcon_core.shell:Creating prefix util module '/home/ubuntu/imugy85/install/_local_setup_util_sh.py'
[3.363s] INFO:colcon.colcon_core.shell:Creating prefix chain script '/home/ubuntu/imugy85/install/setup.sh'
[3.373s] INFO:colcon.colcon_core.shell:Creating prefix script '/home/ubuntu/imugy85/install/local_setup.bash'
[3.375s] INFO:colcon.colcon_core.shell:Creating prefix chain script '/home/ubuntu/imugy85/install/setup.bash'
[3.384s] INFO:colcon.colcon_core.shell:Creating prefix script '/home/ubuntu/imugy85/install/local_setup.zsh'
[3.386s] INFO:colcon.colcon_core.shell:Creating prefix chain script '/home/ubuntu/imugy85/install/setup.zsh'
