[1.505s] DEBUG:colcon:Command line arguments: ['/usr/bin/colcon', 'build', '--symlink-install']
[1.506s] DEBUG:colcon:Parsed command line arguments: Namespace(allow_overriding=[], ament_cmake_args=None, base_paths=['.'], build_base='build', catkin_cmake_args=None, catkin_skip_building_tests=False, cmake_args=None, cmake_clean_cache=False, cmake_clean_first=False, cmake_force_configure=False, cmake_target=None, cmake_target_skip_unavailable=False, continue_on_error=False, event_handlers=None, executor='parallel', ignore_user_meta=False, install_base='install', log_base=None, log_level=None, main=<bound method BuildVerb.main of <colcon_core.verb.build.BuildVerb object at 0xffffb86bc070>>, merge_install=False, metas=['./colcon.meta'], packages_above=None, packages_above_and_dependencies=None, packages_above_depth=None, packages_end=None, packages_ignore=None, packages_ignore_regex=None, packages_select=None, packages_select_build_failed=False, packages_select_by_dep=None, packages_select_regex=None, packages_select_test_failures=False, packages_skip=None, packages_skip_build_finished=False, packages_skip_by_dep=None, packages_skip_regex=None, packages_skip_test_passed=False, packages_skip_up_to=None, packages_start=None, packages_up_to=None, packages_up_to_regex=None, parallel_workers=4, paths=None, symlink_install=True, test_result_base=None, verb_extension=<colcon_core.verb.build.BuildVerb object at 0xffffb86bc070>, verb_name='build', verb_parser=<colcon_defaults.argument_parser.defaults.DefaultArgumentsDecorator object at 0xffffb86bc5b0>)
[1.626s] Level 1:colcon.colcon_core.package_discovery:discover_packages(colcon_meta) check parameters
[1.626s] Level 1:colcon.colcon_core.package_discovery:discover_packages(recursive) check parameters
[1.627s] Level 1:colcon.colcon_core.package_discovery:discover_packages(ignore) check parameters
[1.627s] Level 1:colcon.colcon_core.package_discovery:discover_packages(path) check parameters
[1.627s] Level 1:colcon.colcon_core.package_discovery:discover_packages(colcon_meta) discover
[1.627s] Level 1:colcon.colcon_core.package_discovery:discover_packages(recursive) discover
[1.627s] INFO:colcon.colcon_core.package_discovery:Crawling recursively for packages in '/home/ubuntu/IMU_GY-85'
[1.628s] Level 1:colcon.colcon_core.package_identification:_identify(.) by extensions ['ignore', 'ignore_ament_install']
[1.628s] Level 1:colcon.colcon_core.package_identification:_identify(.) by extension 'ignore'
[1.629s] Level 1:colcon.colcon_core.package_identification:_identify(.) by extension 'ignore_ament_install'
[1.629s] Level 1:colcon.colcon_core.package_identification:_identify(.) by extensions ['colcon_pkg']
[1.629s] Level 1:colcon.colcon_core.package_identification:_identify(.) by extension 'colcon_pkg'
[1.629s] Level 1:colcon.colcon_core.package_identification:_identify(.) by extensions ['colcon_meta']
[1.630s] Level 1:colcon.colcon_core.package_identification:_identify(.) by extension 'colcon_meta'
[1.630s] Level 1:colcon.colcon_core.package_identification:_identify(.) by extensions ['ros']
[1.630s] Level 1:colcon.colcon_core.package_identification:_identify(.) by extension 'ros'
[1.713s] Level 1:colcon.colcon_core.package_identification:_identify(.) by extensions ['cmake', 'python']
[1.714s] Level 1:colcon.colcon_core.package_identification:_identify(.) by extension 'cmake'
[1.714s] Level 1:colcon.colcon_core.package_identification:_identify(.) by extension 'python'
[1.714s] Level 1:colcon.colcon_core.package_identification:_identify(.) by extensions ['python_setup_py']
[1.714s] Level 1:colcon.colcon_core.package_identification:_identify(.) by extension 'python_setup_py'
[1.715s] Level 1:colcon.colcon_core.package_identification:_identify(build) by extensions ['ignore', 'ignore_ament_install']
[1.715s] Level 1:colcon.colcon_core.package_identification:_identify(build) by extension 'ignore'
[1.716s] Level 1:colcon.colcon_core.package_identification:_identify(build) ignored
[1.716s] Level 1:colcon.colcon_core.package_identification:_identify(install) by extensions ['ignore', 'ignore_ament_install']
[1.717s] Level 1:colcon.colcon_core.package_identification:_identify(install) by extension 'ignore'
[1.717s] Level 1:colcon.colcon_core.package_identification:_identify(install) ignored
[1.718s] Level 1:colcon.colcon_core.package_identification:_identify(log) by extensions ['ignore', 'ignore_ament_install']
[1.718s] Level 1:colcon.colcon_core.package_identification:_identify(log) by extension 'ignore'
[1.718s] Level 1:colcon.colcon_core.package_identification:_identify(log) ignored
[1.719s] Level 1:colcon.colcon_core.package_identification:_identify(src) by extensions ['ignore', 'ignore_ament_install']
[1.719s] Level 1:colcon.colcon_core.package_identification:_identify(src) by extension 'ignore'
[1.719s] Level 1:colcon.colcon_core.package_identification:_identify(src) by extension 'ignore_ament_install'
[1.720s] Level 1:colcon.colcon_core.package_identification:_identify(src) by extensions ['colcon_pkg']
[1.720s] Level 1:colcon.colcon_core.package_identification:_identify(src) by extension 'colcon_pkg'
[1.720s] Level 1:colcon.colcon_core.package_identification:_identify(src) by extensions ['colcon_meta']
[1.720s] Level 1:colcon.colcon_core.package_identification:_identify(src) by extension 'colcon_meta'
[1.720s] Level 1:colcon.colcon_core.package_identification:_identify(src) by extensions ['ros']
[1.721s] Level 1:colcon.colcon_core.package_identification:_identify(src) by extension 'ros'
[1.721s] Level 1:colcon.colcon_core.package_identification:_identify(src) by extensions ['cmake', 'python']
[1.721s] Level 1:colcon.colcon_core.package_identification:_identify(src) by extension 'cmake'
[1.721s] Level 1:colcon.colcon_core.package_identification:_identify(src) by extension 'python'
[1.721s] Level 1:colcon.colcon_core.package_identification:_identify(src) by extensions ['python_setup_py']
[1.722s] Level 1:colcon.colcon_core.package_identification:_identify(src) by extension 'python_setup_py'
[1.722s] Level 1:colcon.colcon_core.package_identification:_identify(src/gy85) by extensions ['ignore', 'ignore_ament_install']
[1.722s] Level 1:colcon.colcon_core.package_identification:_identify(src/gy85) by extension 'ignore'
[1.723s] Level 1:colcon.colcon_core.package_identification:_identify(src/gy85) by extension 'ignore_ament_install'
[1.723s] Level 1:colcon.colcon_core.package_identification:_identify(src/gy85) by extensions ['colcon_pkg']
[1.723s] Level 1:colcon.colcon_core.package_identification:_identify(src/gy85) by extension 'colcon_pkg'
[1.723s] Level 1:colcon.colcon_core.package_identification:_identify(src/gy85) by extensions ['colcon_meta']
[1.724s] Level 1:colcon.colcon_core.package_identification:_identify(src/gy85) by extension 'colcon_meta'
[1.724s] Level 1:colcon.colcon_core.package_identification:_identify(src/gy85) by extensions ['ros']
[1.724s] Level 1:colcon.colcon_core.package_identification:_identify(src/gy85) by extension 'ros'
[1.734s] DEBUG:colcon.colcon_core.package_identification:Package 'src/gy85' with type 'ros.ament_cmake' and name 'gy85'
[1.734s] Level 1:colcon.colcon_core.package_discovery:discover_packages(recursive) using defaults
[1.734s] Level 1:colcon.colcon_core.package_discovery:discover_packages(ignore) discover
[1.734s] Level 1:colcon.colcon_core.package_discovery:discover_packages(ignore) using defaults
[1.734s] Level 1:colcon.colcon_core.package_discovery:discover_packages(path) discover
[1.735s] Level 1:colcon.colcon_core.package_discovery:discover_packages(path) using defaults
[1.827s] Level 1:colcon.colcon_core.package_discovery:discover_packages(prefix_path) check parameters
[1.827s] Level 1:colcon.colcon_core.package_discovery:discover_packages(prefix_path) discover
[1.846s] DEBUG:colcon.colcon_installed_package_information.package_discovery:Found 1 installed packages in /home/ubuntu/IMU_GY-85/install
[1.852s] DEBUG:colcon.colcon_installed_package_information.package_discovery:Found 9 installed packages in /home/ubuntu/ros2_delivFoxy/install
[1.858s] DEBUG:colcon.colcon_installed_package_information.package_discovery:Found 2 installed packages in /home/ubuntu/dev_serial_motor/install
[1.871s] DEBUG:colcon.colcon_installed_package_information.package_discovery:Found 286 installed packages in /opt/ros/foxy
[1.880s] Level 1:colcon.colcon_core.package_discovery:discover_packages(prefix_path) using defaults
[2.224s] Level 5:colcon.colcon_core.verb:set package 'gy85' build argument 'cmake_args' from command line to 'None'
[2.224s] Level 5:colcon.colcon_core.verb:set package 'gy85' build argument 'cmake_target' from command line to 'None'
[2.225s] Level 5:colcon.colcon_core.verb:set package 'gy85' build argument 'cmake_target_skip_unavailable' from command line to 'False'
[2.225s] Level 5:colcon.colcon_core.verb:set package 'gy85' build argument 'cmake_clean_cache' from command line to 'False'
[2.225s] Level 5:colcon.colcon_core.verb:set package 'gy85' build argument 'cmake_clean_first' from command line to 'False'
[2.225s] Level 5:colcon.colcon_core.verb:set package 'gy85' build argument 'cmake_force_configure' from command line to 'False'
[2.225s] Level 5:colcon.colcon_core.verb:set package 'gy85' build argument 'ament_cmake_args' from command line to 'None'
[2.225s] Level 5:colcon.colcon_core.verb:set package 'gy85' build argument 'catkin_cmake_args' from command line to 'None'
[2.225s] Level 5:colcon.colcon_core.verb:set package 'gy85' build argument 'catkin_skip_building_tests' from command line to 'False'
[2.226s] DEBUG:colcon.colcon_core.verb:Building package 'gy85' with the following arguments: {'ament_cmake_args': None, 'build_base': '/home/ubuntu/IMU_GY-85/build/gy85', 'catkin_cmake_args': None, 'catkin_skip_building_tests': False, 'cmake_args': None, 'cmake_clean_cache': False, 'cmake_clean_first': False, 'cmake_force_configure': False, 'cmake_target': None, 'cmake_target_skip_unavailable': False, 'install_base': '/home/ubuntu/IMU_GY-85/install/gy85', 'merge_install': False, 'path': '/home/ubuntu/IMU_GY-85/src/gy85', 'symlink_install': True, 'test_result_base': None}
[2.229s] INFO:colcon.colcon_core.executor:Executing jobs using 'parallel' executor
[2.244s] DEBUG:colcon.colcon_parallel_executor.executor.parallel:run_until_complete
[2.245s] INFO:colcon.colcon_ros.task.ament_cmake.build:Building ROS package in '/home/ubuntu/IMU_GY-85/src/gy85' with build type 'ament_cmake'
[2.246s] INFO:colcon.colcon_cmake.task.cmake.build:Building CMake package in '/home/ubuntu/IMU_GY-85/src/gy85'
[2.267s] INFO:colcon.colcon_core.plugin_system:Skipping extension 'colcon_core.shell.bat': Not used on non-Windows systems
[2.268s] INFO:colcon.colcon_core.shell:Skip shell extension 'powershell' for command environment: Not usable outside of PowerShell
[2.268s] DEBUG:colcon.colcon_core.shell:Skip shell extension 'dsv' for command environment
[2.338s] DEBUG:colcon.colcon_core.event_handler.log_command:Invoking command in '/home/ubuntu/IMU_GY-85/build/gy85': CMAKE_PREFIX_PATH=${CMAKE_PREFIX_PATH}:/home/ubuntu/ros2_delivFoxy/install/serial_motor_demo:/home/ubuntu/dev_serial_motor/install/serial_motor_demo:/opt/ros/foxy /usr/bin/cmake --build /home/ubuntu/IMU_GY-85/build/gy85 -- -j4 -l4
[4.078s] DEBUG:colcon.colcon_core.event_handler.log_command:Invoked command in '/home/ubuntu/IMU_GY-85/build/gy85' returned '0': CMAKE_PREFIX_PATH=${CMAKE_PREFIX_PATH}:/home/ubuntu/ros2_delivFoxy/install/serial_motor_demo:/home/ubuntu/dev_serial_motor/install/serial_motor_demo:/opt/ros/foxy /usr/bin/cmake --build /home/ubuntu/IMU_GY-85/build/gy85 -- -j4 -l4
[4.279s] DEBUG:colcon.colcon_core.event_handler.log_command:Invoking command in '/home/ubuntu/IMU_GY-85/build/gy85': CMAKE_PREFIX_PATH=${CMAKE_PREFIX_PATH}:/home/ubuntu/ros2_delivFoxy/install/serial_motor_demo:/home/ubuntu/dev_serial_motor/install/serial_motor_demo:/opt/ros/foxy /usr/bin/cmake --install /home/ubuntu/IMU_GY-85/build/gy85
[4.396s] Level 1:colcon.colcon_core.environment:create_environment_scripts_only(gy85)
[4.399s] DEBUG:colcon.colcon_core.event_handler.log_command:Invoked command in '/home/ubuntu/IMU_GY-85/build/gy85' returned '0': CMAKE_PREFIX_PATH=${CMAKE_PREFIX_PATH}:/home/ubuntu/ros2_delivFoxy/install/serial_motor_demo:/home/ubuntu/dev_serial_motor/install/serial_motor_demo:/opt/ros/foxy /usr/bin/cmake --install /home/ubuntu/IMU_GY-85/build/gy85
[4.425s] Level 1:colcon.colcon_core.environment:checking '/home/ubuntu/IMU_GY-85/install/gy85' for CMake module files
[4.428s] Level 1:colcon.colcon_core.environment:checking '/home/ubuntu/IMU_GY-85/install/gy85' for CMake config files
[4.429s] Level 1:colcon.colcon_core.shell:create_environment_hook('gy85', 'cmake_prefix_path')
[4.436s] INFO:colcon.colcon_core.shell:Creating environment hook '/home/ubuntu/IMU_GY-85/install/gy85/share/gy85/hook/cmake_prefix_path.ps1'
[4.439s] INFO:colcon.colcon_core.shell:Creating environment descriptor '/home/ubuntu/IMU_GY-85/install/gy85/share/gy85/hook/cmake_prefix_path.dsv'
[4.441s] INFO:colcon.colcon_core.shell:Creating environment hook '/home/ubuntu/IMU_GY-85/install/gy85/share/gy85/hook/cmake_prefix_path.sh'
[4.446s] Level 1:colcon.colcon_core.environment:checking '/home/ubuntu/IMU_GY-85/install/gy85/bin'
[4.446s] Level 1:colcon.colcon_core.environment:checking '/home/ubuntu/IMU_GY-85/install/gy85/lib/pkgconfig/gy85.pc'
[4.447s] Level 1:colcon.colcon_core.environment:checking '/home/ubuntu/IMU_GY-85/install/gy85/lib/python3.8/site-packages'
[4.448s] Level 1:colcon.colcon_core.environment:checking '/home/ubuntu/IMU_GY-85/install/gy85/bin'
[4.454s] INFO:colcon.colcon_core.shell:Creating package script '/home/ubuntu/IMU_GY-85/install/gy85/share/gy85/package.ps1'
[4.458s] INFO:colcon.colcon_core.shell:Creating package descriptor '/home/ubuntu/IMU_GY-85/install/gy85/share/gy85/package.dsv'
[4.460s] INFO:colcon.colcon_core.shell:Creating package script '/home/ubuntu/IMU_GY-85/install/gy85/share/gy85/package.sh'
[4.464s] INFO:colcon.colcon_core.shell:Creating package script '/home/ubuntu/IMU_GY-85/install/gy85/share/gy85/package.bash'
[4.468s] INFO:colcon.colcon_core.shell:Creating package script '/home/ubuntu/IMU_GY-85/install/gy85/share/gy85/package.zsh'
[4.472s] Level 1:colcon.colcon_core.environment:create_file_with_runtime_dependencies(/home/ubuntu/IMU_GY-85/install/gy85/share/colcon-core/packages/gy85)
[4.618s] Level 1:colcon.colcon_core.environment:create_environment_scripts_only(gy85)
[4.631s] Level 1:colcon.colcon_core.environment:checking '/home/ubuntu/IMU_GY-85/install/gy85' for CMake module files
[4.634s] Level 1:colcon.colcon_core.environment:checking '/home/ubuntu/IMU_GY-85/install/gy85' for CMake config files
[4.636s] Level 1:colcon.colcon_core.shell:create_environment_hook('gy85', 'cmake_prefix_path')
[4.642s] INFO:colcon.colcon_core.shell:Creating environment hook '/home/ubuntu/IMU_GY-85/install/gy85/share/gy85/hook/cmake_prefix_path.ps1'
[4.645s] INFO:colcon.colcon_core.shell:Creating environment descriptor '/home/ubuntu/IMU_GY-85/install/gy85/share/gy85/hook/cmake_prefix_path.dsv'
[4.647s] INFO:colcon.colcon_core.shell:Creating environment hook '/home/ubuntu/IMU_GY-85/install/gy85/share/gy85/hook/cmake_prefix_path.sh'
[4.650s] Level 1:colcon.colcon_core.environment:checking '/home/ubuntu/IMU_GY-85/install/gy85/bin'
[4.650s] Level 1:colcon.colcon_core.environment:checking '/home/ubuntu/IMU_GY-85/install/gy85/lib/pkgconfig/gy85.pc'
[4.651s] Level 1:colcon.colcon_core.environment:checking '/home/ubuntu/IMU_GY-85/install/gy85/lib/python3.8/site-packages'
[4.652s] Level 1:colcon.colcon_core.environment:checking '/home/ubuntu/IMU_GY-85/install/gy85/bin'
[4.659s] INFO:colcon.colcon_core.shell:Creating package script '/home/ubuntu/IMU_GY-85/install/gy85/share/gy85/package.ps1'
[4.661s] INFO:colcon.colcon_core.shell:Creating package descriptor '/home/ubuntu/IMU_GY-85/install/gy85/share/gy85/package.dsv'
[4.663s] INFO:colcon.colcon_core.shell:Creating package script '/home/ubuntu/IMU_GY-85/install/gy85/share/gy85/package.sh'
[4.667s] INFO:colcon.colcon_core.shell:Creating package script '/home/ubuntu/IMU_GY-85/install/gy85/share/gy85/package.bash'
[4.669s] INFO:colcon.colcon_core.shell:Creating package script '/home/ubuntu/IMU_GY-85/install/gy85/share/gy85/package.zsh'
[4.672s] Level 1:colcon.colcon_core.environment:create_file_with_runtime_dependencies(/home/ubuntu/IMU_GY-85/install/gy85/share/colcon-core/packages/gy85)
[4.673s] DEBUG:colcon.colcon_parallel_executor.executor.parallel:closing loop
[4.674s] DEBUG:colcon.colcon_parallel_executor.executor.parallel:loop closed
[4.675s] DEBUG:colcon.colcon_parallel_executor.executor.parallel:run_until_complete finished with '0'
[4.675s] DEBUG:colcon.colcon_core.event_reactor:joining thread
[4.700s] INFO:colcon.colcon_core.plugin_system:Skipping extension 'colcon_notification.desktop_notification.terminal_notifier': Not used on non-Darwin systems
[4.703s] INFO:colcon.colcon_core.plugin_system:Skipping extension 'colcon_notification.desktop_notification.win32': Not used on non-Windows systems
[4.704s] INFO:colcon.colcon_notification.desktop_notification:Sending desktop notification using 'notify2'
[4.750s] DEBUG:colcon.colcon_core.event_reactor:joined thread
[4.758s] INFO:colcon.colcon_core.shell:Creating prefix script '/home/ubuntu/IMU_GY-85/install/local_setup.ps1'
[4.762s] INFO:colcon.colcon_core.shell:Creating prefix util module '/home/ubuntu/IMU_GY-85/install/_local_setup_util_ps1.py'
[4.768s] INFO:colcon.colcon_core.shell:Creating prefix chain script '/home/ubuntu/IMU_GY-85/install/setup.ps1'
[4.778s] INFO:colcon.colcon_core.shell:Creating prefix script '/home/ubuntu/IMU_GY-85/install/local_setup.sh'
[4.780s] INFO:colcon.colcon_core.shell:Creating prefix util module '/home/ubuntu/IMU_GY-85/install/_local_setup_util_sh.py'
[4.783s] INFO:colcon.colcon_core.shell:Creating prefix chain script '/home/ubuntu/IMU_GY-85/install/setup.sh'
[4.792s] INFO:colcon.colcon_core.shell:Creating prefix script '/home/ubuntu/IMU_GY-85/install/local_setup.bash'
[4.794s] INFO:colcon.colcon_core.shell:Creating prefix chain script '/home/ubuntu/IMU_GY-85/install/setup.bash'
[4.804s] INFO:colcon.colcon_core.shell:Creating prefix script '/home/ubuntu/IMU_GY-85/install/local_setup.zsh'
[4.806s] INFO:colcon.colcon_core.shell:Creating prefix chain script '/home/ubuntu/IMU_GY-85/install/setup.zsh'
