[0.090s] Invoking command in '/home/ubuntu/IMU_GY-85/build/gy85': /usr/bin/cmake --build /home/ubuntu/IMU_GY-85/build/gy85 -- -j4 -l4
[0.240s] -- Found ament_cmake: 0.9.12 (/opt/ros/foxy/share/ament_cmake/cmake)
[0.395s] -- Using PYTHON_EXECUTABLE: /usr/bin/python3
[1.338s] -- Override CMake install command with custom implementation using symlinks instead of copying resources
[1.372s] -- Found ament_lint_auto: 0.9.8 (/opt/ros/foxy/share/ament_lint_auto/cmake)
[1.705s] -- Added test 'copyright' to check source files copyright and LICENSE
[1.729s] -- Added test 'flake8' to check Python code syntax and style conventions
[1.733s] -- Added test 'lint_cmake' to check CMake code style
[1.735s] -- Added test 'pep257' to check Python code against some of the style conventions in PEP 257
[1.748s] -- Added test 'xmllint' to check XML markup files
[1.760s] -- Configuring done
[1.771s] -- Generating done
[1.776s] -- Build files have been written to: /home/ubuntu/IMU_GY-85/build/gy85
[1.882s] Invoked command in '/home/ubuntu/IMU_GY-85/build/gy85' returned '0': /usr/bin/cmake --build /home/ubuntu/IMU_GY-85/build/gy85 -- -j4 -l4
[2.087s] Invoking command in '/home/ubuntu/IMU_GY-85/build/gy85': /usr/bin/cmake --install /home/ubuntu/IMU_GY-85/build/gy85
[2.131s] -- Install configuration: ""
[2.133s] -- Execute custom install script
[2.135s] -- Up-to-date symlink: /home/ubuntu/IMU_GY-85/install/gy85/share/ament_index/resource_index/package_run_dependencies/gy85
[2.136s] -- Up-to-date symlink: /home/ubuntu/IMU_GY-85/install/gy85/share/ament_index/resource_index/parent_prefix_path/gy85
[2.138s] -- Up-to-date symlink: /home/ubuntu/IMU_GY-85/install/gy85/share/gy85/environment/ament_prefix_path.sh
[2.139s] -- Up-to-date symlink: /home/ubuntu/IMU_GY-85/install/gy85/share/gy85/environment/ament_prefix_path.dsv
[2.141s] -- Up-to-date symlink: /home/ubuntu/IMU_GY-85/install/gy85/share/gy85/environment/path.sh
[2.142s] -- Up-to-date symlink: /home/ubuntu/IMU_GY-85/install/gy85/share/gy85/environment/path.dsv
[2.144s] -- Up-to-date symlink: /home/ubuntu/IMU_GY-85/install/gy85/share/gy85/local_setup.bash
[2.145s] -- Up-to-date symlink: /home/ubuntu/IMU_GY-85/install/gy85/share/gy85/local_setup.sh
[2.146s] -- Up-to-date symlink: /home/ubuntu/IMU_GY-85/install/gy85/share/gy85/local_setup.zsh
[2.148s] -- Up-to-date symlink: /home/ubuntu/IMU_GY-85/install/gy85/share/gy85/local_setup.dsv
[2.149s] -- Symlinking: /home/ubuntu/IMU_GY-85/install/gy85/share/gy85/package.dsv
[2.194s] -- Up-to-date symlink: /home/ubuntu/IMU_GY-85/install/gy85/share/ament_index/resource_index/packages/gy85
[2.196s] -- Up-to-date symlink: /home/ubuntu/IMU_GY-85/install/gy85/share/gy85/cmake/gy85Config.cmake
[2.197s] -- Up-to-date symlink: /home/ubuntu/IMU_GY-85/install/gy85/share/gy85/cmake/gy85Config-version.cmake
[2.198s] -- Up-to-date symlink: /home/ubuntu/IMU_GY-85/install/gy85/share/gy85/package.xml
[2.207s] Invoked command in '/home/ubuntu/IMU_GY-85/build/gy85' returned '0': /usr/bin/cmake --install /home/ubuntu/IMU_GY-85/build/gy85
