-- Found ament_cmake: 0.9.12 (/opt/ros/foxy/share/ament_cmake/cmake)
-- Using PYTHON_EXECUTABLE: /usr/bin/python3
-- Override CMake install command with custom implementation using symlinks instead of copying resources
-- Found ament_lint_auto: 0.9.8 (/opt/ros/foxy/share/ament_lint_auto/cmake)
-- Added test 'copyright' to check source files copyright and LICENSE
-- Added test 'flake8' to check Python code syntax and style conventions
-- Added test 'lint_cmake' to check CMake code style
-- Added test 'pep257' to check Python code against some of the style conventions in PEP 257
-- Added test 'xmllint' to check XML markup files
-- Configuring done
-- Generating done
-- Build files have been written to: /home/ubuntu/IMU_GY-85/build/gy85
-- Install configuration: ""
-- Execute custom install script
-- Symlinking: /home/ubuntu/IMU_GY-85/install/gy85/share/ament_index/resource_index/package_run_dependencies/gy85
-- Symlinking: /home/ubuntu/IMU_GY-85/install/gy85/share/ament_index/resource_index/parent_prefix_path/gy85
-- Symlinking: /home/ubuntu/IMU_GY-85/install/gy85/share/gy85/environment/ament_prefix_path.sh
-- Symlinking: /home/ubuntu/IMU_GY-85/install/gy85/share/gy85/environment/ament_prefix_path.dsv
-- Symlinking: /home/ubuntu/IMU_GY-85/install/gy85/share/gy85/environment/path.sh
-- Symlinking: /home/ubuntu/IMU_GY-85/install/gy85/share/gy85/environment/path.dsv
-- Symlinking: /home/ubuntu/IMU_GY-85/install/gy85/share/gy85/local_setup.bash
-- Symlinking: /home/ubuntu/IMU_GY-85/install/gy85/share/gy85/local_setup.sh
-- Symlinking: /home/ubuntu/IMU_GY-85/install/gy85/share/gy85/local_setup.zsh
-- Symlinking: /home/ubuntu/IMU_GY-85/install/gy85/share/gy85/local_setup.dsv
-- Symlinking: /home/ubuntu/IMU_GY-85/install/gy85/share/gy85/package.dsv
-- Symlinking: /home/ubuntu/IMU_GY-85/install/gy85/share/ament_index/resource_index/packages/gy85
-- Symlinking: /home/ubuntu/IMU_GY-85/install/gy85/share/gy85/cmake/gy85Config.cmake
-- Symlinking: /home/ubuntu/IMU_GY-85/install/gy85/share/gy85/cmake/gy85Config-version.cmake
-- Symlinking: /home/ubuntu/IMU_GY-85/install/gy85/share/gy85/package.xml
