[0.097s] Invoking command in '/home/ubuntu/IMU_GY-85/build/gy85': /usr/bin/cmake /home/ubuntu/IMU_GY-85/src/gy85 -DCMAKE_INSTALL_PREFIX=/home/ubuntu/IMU_GY-85/install/gy85
[0.173s] -- Found ament_cmake: 0.9.12 (/opt/ros/foxy/share/ament_cmake/cmake)
[0.324s] -- Using PYTHON_EXECUTABLE: /usr/bin/python3
[1.280s] -- Override CMake install command with custom implementation using symlinks instead of copying resources
[1.312s] -- Found ament_lint_auto: 0.9.8 (/opt/ros/foxy/share/ament_lint_auto/cmake)
[1.645s] -- Added test 'copyright' to check source files copyright and LICENSE
[1.669s] -- Added test 'flake8' to check Python code syntax and style conventions
[1.673s] -- Added test 'lint_cmake' to check CMake code style
[1.676s] -- Added test 'pep257' to check Python code against some of the style conventions in PEP 257
[1.688s] -- Added test 'xmllint' to check XML markup files
[1.699s] -- Configuring done
[1.710s] -- Generating done
[1.716s] -- Build files have been written to: /home/ubuntu/IMU_GY-85/build/gy85
[1.724s] Invoked command in '/home/ubuntu/IMU_GY-85/build/gy85' returned '0': /usr/bin/cmake /home/ubuntu/IMU_GY-85/src/gy85 -DCMAKE_INSTALL_PREFIX=/home/ubuntu/IMU_GY-85/install/gy85
[1.736s] Invoking command in '/home/ubuntu/IMU_GY-85/build/gy85': /usr/bin/cmake --build /home/ubuntu/IMU_GY-85/build/gy85 -- -j4 -l4
[1.940s] Invoked command in '/home/ubuntu/IMU_GY-85/build/gy85' returned '0': /usr/bin/cmake --build /home/ubuntu/IMU_GY-85/build/gy85 -- -j4 -l4
[2.145s] Invoking command in '/home/ubuntu/IMU_GY-85/build/gy85': /usr/bin/cmake --install /home/ubuntu/IMU_GY-85/build/gy85
[2.190s] -- Install configuration: ""
[2.191s] -- Execute custom install script
[2.193s] -- Up-to-date symlink: /home/ubuntu/IMU_GY-85/install/gy85/share/ament_index/resource_index/package_run_dependencies/gy85
[2.195s] -- Up-to-date symlink: /home/ubuntu/IMU_GY-85/install/gy85/share/ament_index/resource_index/parent_prefix_path/gy85
[2.196s] -- Up-to-date symlink: /home/ubuntu/IMU_GY-85/install/gy85/share/gy85/environment/ament_prefix_path.sh
[2.198s] -- Up-to-date symlink: /home/ubuntu/IMU_GY-85/install/gy85/share/gy85/environment/ament_prefix_path.dsv
[2.199s] -- Up-to-date symlink: /home/ubuntu/IMU_GY-85/install/gy85/share/gy85/environment/path.sh
[2.201s] -- Up-to-date symlink: /home/ubuntu/IMU_GY-85/install/gy85/share/gy85/environment/path.dsv
[2.202s] -- Up-to-date symlink: /home/ubuntu/IMU_GY-85/install/gy85/share/gy85/local_setup.bash
[2.204s] -- Up-to-date symlink: /home/ubuntu/IMU_GY-85/install/gy85/share/gy85/local_setup.sh
[2.205s] -- Up-to-date symlink: /home/ubuntu/IMU_GY-85/install/gy85/share/gy85/local_setup.zsh
[2.206s] -- Up-to-date symlink: /home/ubuntu/IMU_GY-85/install/gy85/share/gy85/local_setup.dsv
[2.207s] -- Symlinking: /home/ubuntu/IMU_GY-85/install/gy85/share/gy85/package.dsv
[2.255s] -- Up-to-date symlink: /home/ubuntu/IMU_GY-85/install/gy85/share/ament_index/resource_index/packages/gy85
[2.256s] -- Up-to-date symlink: /home/ubuntu/IMU_GY-85/install/gy85/share/gy85/cmake/gy85Config.cmake
[2.257s] -- Up-to-date symlink: /home/ubuntu/IMU_GY-85/install/gy85/share/gy85/cmake/gy85Config-version.cmake
[2.259s] -- Up-to-date symlink: /home/ubuntu/IMU_GY-85/install/gy85/share/gy85/package.xml
[2.268s] Invoked command in '/home/ubuntu/IMU_GY-85/build/gy85' returned '0': /usr/bin/cmake --install /home/ubuntu/IMU_GY-85/build/gy85
